2025-01-05 10:50:01,674 [Worker-2: Loading available Gradle versions] INFO  o.e.b.c.i.u.g.PublishedGradleVersions - Gradle version information cache is up-to-date. Trying to read.
2025-01-05 18:39:12,257 [Worker-2: Loading available Gradle versions] INFO  o.e.b.c.i.u.g.PublishedGradleVersions - Gradle version information cache is up-to-date. Trying to read.
2025-01-09 14:03:01,924 [Worker-2: Loading available Gradle versions] INFO  o.e.b.c.i.u.g.PublishedGradleVersions - Gradle version information cache is up-to-date. Trying to read.
2025-01-14 10:38:03,504 [Worker-2: Loading available Gradle versions] INFO  o.e.b.c.i.u.g.PublishedGradleVersions - Gradle version information cache is out-of-date. Trying to update.
2025-01-15 14:18:53,517 [Worker-4: Loading available Gradle versions] INFO  o.e.b.c.i.u.g.PublishedGradleVersions - Gradle version information cache is up-to-date. Trying to read.
2025-01-17 17:13:56,243 [Worker-2: Loading available Gradle versions] INFO  o.e.b.c.i.u.g.PublishedGradleVersions - Gradle version information cache is out-of-date. Trying to update.
2025-01-18 17:09:30,983 [Worker-4: Loading available Gradle versions] INFO  o.e.b.c.i.u.g.PublishedGradleVersions - Gradle version information cache is up-to-date. Trying to read.
2025-01-26 22:53:35,191 [Worker-2: Loading available Gradle versions] INFO  o.e.b.c.i.u.g.PublishedGradleVersions - Gradle version information cache is out-of-date. Trying to update.
2025-01-27 18:11:08,011 [Worker-3: Loading available Gradle versions] INFO  o.e.b.c.i.u.g.PublishedGradleVersions - Gradle version information cache is up-to-date. Trying to read.
2025-01-27 18:38:02,430 [Worker-4: Loading available Gradle versions] INFO  o.e.b.c.i.u.g.PublishedGradleVersions - Gradle version information cache is up-to-date. Trying to read.
2025-01-28 23:41:06,100 [Worker-54: Launching mavenrun-d10fc72d-46ce-46bb-9e37-7881c29ea665] INFO  o.eclipse.m2e.core.internal.Bundles - getClasspathEntries(Bundle=org.eclipse.m2e.maven.runtime_3.9.700.20240602-2313 [644])
2025-01-28 23:41:06,114 [Worker-54: Launching mavenrun-d10fc72d-46ce-46bb-9e37-7881c29ea665] INFO  o.eclipse.m2e.core.internal.Bundles - 	Entry: C:\Users\kundu\.p2\pool\plugins\org.eclipse.m2e.maven.runtime_3.9.700.20240602-2313
2025-01-28 23:41:06,116 [Worker-54: Launching mavenrun-d10fc72d-46ce-46bb-9e37-7881c29ea665] INFO  o.eclipse.m2e.core.internal.Bundles - 	Entry: C:\Users\kundu\.p2\pool\plugins\org.eclipse.m2e.maven.runtime_3.9.700.20240602-2313\jars\aopalliance-1.0.jar
2025-01-28 23:41:06,116 [Worker-54: Launching mavenrun-d10fc72d-46ce-46bb-9e37-7881c29ea665] INFO  o.eclipse.m2e.core.internal.Bundles - 	Entry: C:\Users\kundu\.p2\pool\plugins\org.eclipse.m2e.maven.runtime_3.9.700.20240602-2313\jars\guice-5.1.0.jar
2025-01-28 23:41:06,117 [Worker-54: Launching mavenrun-d10fc72d-46ce-46bb-9e37-7881c29ea665] INFO  o.eclipse.m2e.core.internal.Bundles - 	Entry: C:\Users\kundu\.p2\pool\plugins\org.eclipse.m2e.maven.runtime_3.9.700.20240602-2313\jars\httpclient-4.5.14.jar
2025-01-28 23:41:06,117 [Worker-54: Launching mavenrun-d10fc72d-46ce-46bb-9e37-7881c29ea665] INFO  o.eclipse.m2e.core.internal.Bundles - 	Entry: C:\Users\kundu\.p2\pool\plugins\org.eclipse.m2e.maven.runtime_3.9.700.20240602-2313\jars\httpcore-4.4.16.jar
2025-01-28 23:41:06,118 [Worker-54: Launching mavenrun-d10fc72d-46ce-46bb-9e37-7881c29ea665] INFO  o.eclipse.m2e.core.internal.Bundles - 	Entry: C:\Users\kundu\.p2\pool\plugins\org.eclipse.m2e.maven.runtime_3.9.700.20240602-2313\jars\jansi-2.4.1.jar
2025-01-28 23:41:06,118 [Worker-54: Launching mavenrun-d10fc72d-46ce-46bb-9e37-7881c29ea665] INFO  o.eclipse.m2e.core.internal.Bundles - 	Entry: C:\Users\kundu\.p2\pool\plugins\org.eclipse.m2e.maven.runtime_3.9.700.20240602-2313\jars\jcl-over-slf4j-1.7.36.jar
2025-01-28 23:41:06,119 [Worker-54: Launching mavenrun-d10fc72d-46ce-46bb-9e37-7881c29ea665] INFO  o.eclipse.m2e.core.internal.Bundles - 	Entry: C:\Users\kundu\.p2\pool\plugins\org.eclipse.m2e.maven.runtime_3.9.700.20240602-2313\jars\maven-artifact-3.9.7.jar
2025-01-28 23:41:06,119 [Worker-54: Launching mavenrun-d10fc72d-46ce-46bb-9e37-7881c29ea665] INFO  o.eclipse.m2e.core.internal.Bundles - 	Entry: C:\Users\kundu\.p2\pool\plugins\org.eclipse.m2e.maven.runtime_3.9.700.20240602-2313\jars\maven-builder-support-3.9.7.jar
2025-01-28 23:41:06,120 [Worker-54: Launching mavenrun-d10fc72d-46ce-46bb-9e37-7881c29ea665] INFO  o.eclipse.m2e.core.internal.Bundles - 	Entry: C:\Users\kundu\.p2\pool\plugins\org.eclipse.m2e.maven.runtime_3.9.700.20240602-2313\jars\maven-compat-3.9.7.jar
2025-01-28 23:41:06,120 [Worker-54: Launching mavenrun-d10fc72d-46ce-46bb-9e37-7881c29ea665] INFO  o.eclipse.m2e.core.internal.Bundles - 	Entry: C:\Users\kundu\.p2\pool\plugins\org.eclipse.m2e.maven.runtime_3.9.700.20240602-2313\jars\maven-core-3.9.7.jar
2025-01-28 23:41:06,120 [Worker-54: Launching mavenrun-d10fc72d-46ce-46bb-9e37-7881c29ea665] INFO  o.eclipse.m2e.core.internal.Bundles - 	Entry: C:\Users\kundu\.p2\pool\plugins\org.eclipse.m2e.maven.runtime_3.9.700.20240602-2313\jars\maven-embedder-3.9.7.jar
2025-01-28 23:41:06,121 [Worker-54: Launching mavenrun-d10fc72d-46ce-46bb-9e37-7881c29ea665] INFO  o.eclipse.m2e.core.internal.Bundles - 	Entry: C:\Users\kundu\.p2\pool\plugins\org.eclipse.m2e.maven.runtime_3.9.700.20240602-2313\jars\maven-model-3.9.7.jar
2025-01-28 23:41:06,121 [Worker-54: Launching mavenrun-d10fc72d-46ce-46bb-9e37-7881c29ea665] INFO  o.eclipse.m2e.core.internal.Bundles - 	Entry: C:\Users\kundu\.p2\pool\plugins\org.eclipse.m2e.maven.runtime_3.9.700.20240602-2313\jars\maven-model-builder-3.9.7.jar
2025-01-28 23:41:06,122 [Worker-54: Launching mavenrun-d10fc72d-46ce-46bb-9e37-7881c29ea665] INFO  o.eclipse.m2e.core.internal.Bundles - 	Entry: C:\Users\kundu\.p2\pool\plugins\org.eclipse.m2e.maven.runtime_3.9.700.20240602-2313\jars\maven-plugin-api-3.9.7.jar
2025-01-28 23:41:06,122 [Worker-54: Launching mavenrun-d10fc72d-46ce-46bb-9e37-7881c29ea665] INFO  o.eclipse.m2e.core.internal.Bundles - 	Entry: C:\Users\kundu\.p2\pool\plugins\org.eclipse.m2e.maven.runtime_3.9.700.20240602-2313\jars\maven-repository-metadata-3.9.7.jar
2025-01-28 23:41:06,123 [Worker-54: Launching mavenrun-d10fc72d-46ce-46bb-9e37-7881c29ea665] INFO  o.eclipse.m2e.core.internal.Bundles - 	Entry: C:\Users\kundu\.p2\pool\plugins\org.eclipse.m2e.maven.runtime_3.9.700.20240602-2313\jars\maven-resolver-api-1.9.20.jar
2025-01-28 23:41:06,123 [Worker-54: Launching mavenrun-d10fc72d-46ce-46bb-9e37-7881c29ea665] INFO  o.eclipse.m2e.core.internal.Bundles - 	Entry: C:\Users\kundu\.p2\pool\plugins\org.eclipse.m2e.maven.runtime_3.9.700.20240602-2313\jars\maven-resolver-connector-basic-1.9.20.jar
2025-01-28 23:41:06,123 [Worker-54: Launching mavenrun-d10fc72d-46ce-46bb-9e37-7881c29ea665] INFO  o.eclipse.m2e.core.internal.Bundles - 	Entry: C:\Users\kundu\.p2\pool\plugins\org.eclipse.m2e.maven.runtime_3.9.700.20240602-2313\jars\maven-resolver-impl-1.9.20.jar
2025-01-28 23:41:06,124 [Worker-54: Launching mavenrun-d10fc72d-46ce-46bb-9e37-7881c29ea665] INFO  o.eclipse.m2e.core.internal.Bundles - 	Entry: C:\Users\kundu\.p2\pool\plugins\org.eclipse.m2e.maven.runtime_3.9.700.20240602-2313\jars\maven-resolver-named-locks-1.9.20.jar
2025-01-28 23:41:06,124 [Worker-54: Launching mavenrun-d10fc72d-46ce-46bb-9e37-7881c29ea665] INFO  o.eclipse.m2e.core.internal.Bundles - 	Entry: C:\Users\kundu\.p2\pool\plugins\org.eclipse.m2e.maven.runtime_3.9.700.20240602-2313\jars\maven-resolver-provider-3.9.7.jar
2025-01-28 23:41:06,124 [Worker-54: Launching mavenrun-d10fc72d-46ce-46bb-9e37-7881c29ea665] INFO  o.eclipse.m2e.core.internal.Bundles - 	Entry: C:\Users\kundu\.p2\pool\plugins\org.eclipse.m2e.maven.runtime_3.9.700.20240602-2313\jars\maven-resolver-spi-1.9.20.jar
2025-01-28 23:41:06,126 [Worker-54: Launching mavenrun-d10fc72d-46ce-46bb-9e37-7881c29ea665] INFO  o.eclipse.m2e.core.internal.Bundles - 	Entry: C:\Users\kundu\.p2\pool\plugins\org.eclipse.m2e.maven.runtime_3.9.700.20240602-2313\jars\maven-resolver-transport-file-1.9.20.jar
2025-01-28 23:41:06,126 [Worker-54: Launching mavenrun-d10fc72d-46ce-46bb-9e37-7881c29ea665] INFO  o.eclipse.m2e.core.internal.Bundles - 	Entry: C:\Users\kundu\.p2\pool\plugins\org.eclipse.m2e.maven.runtime_3.9.700.20240602-2313\jars\maven-resolver-transport-http-1.9.20.jar
2025-01-28 23:41:06,126 [Worker-54: Launching mavenrun-d10fc72d-46ce-46bb-9e37-7881c29ea665] INFO  o.eclipse.m2e.core.internal.Bundles - 	Entry: C:\Users\kundu\.p2\pool\plugins\org.eclipse.m2e.maven.runtime_3.9.700.20240602-2313\jars\maven-resolver-transport-wagon-1.9.20.jar
2025-01-28 23:41:06,127 [Worker-54: Launching mavenrun-d10fc72d-46ce-46bb-9e37-7881c29ea665] INFO  o.eclipse.m2e.core.internal.Bundles - 	Entry: C:\Users\kundu\.p2\pool\plugins\org.eclipse.m2e.maven.runtime_3.9.700.20240602-2313\jars\maven-resolver-util-1.9.20.jar
2025-01-28 23:41:06,127 [Worker-54: Launching mavenrun-d10fc72d-46ce-46bb-9e37-7881c29ea665] INFO  o.eclipse.m2e.core.internal.Bundles - 	Entry: C:\Users\kundu\.p2\pool\plugins\org.eclipse.m2e.maven.runtime_3.9.700.20240602-2313\jars\maven-settings-3.9.7.jar
2025-01-28 23:41:06,127 [Worker-54: Launching mavenrun-d10fc72d-46ce-46bb-9e37-7881c29ea665] INFO  o.eclipse.m2e.core.internal.Bundles - 	Entry: C:\Users\kundu\.p2\pool\plugins\org.eclipse.m2e.maven.runtime_3.9.700.20240602-2313\jars\maven-settings-builder-3.9.7.jar
2025-01-28 23:41:06,127 [Worker-54: Launching mavenrun-d10fc72d-46ce-46bb-9e37-7881c29ea665] INFO  o.eclipse.m2e.core.internal.Bundles - 	Entry: C:\Users\kundu\.p2\pool\plugins\org.eclipse.m2e.maven.runtime_3.9.700.20240602-2313\jars\maven-shared-utils-3.4.2.jar
2025-01-28 23:41:06,128 [Worker-54: Launching mavenrun-d10fc72d-46ce-46bb-9e37-7881c29ea665] INFO  o.eclipse.m2e.core.internal.Bundles - 	Entry: C:\Users\kundu\.p2\pool\plugins\org.eclipse.m2e.maven.runtime_3.9.700.20240602-2313\jars\org.eclipse.sisu.inject-0.9.0.M2.jar
2025-01-28 23:41:06,128 [Worker-54: Launching mavenrun-d10fc72d-46ce-46bb-9e37-7881c29ea665] INFO  o.eclipse.m2e.core.internal.Bundles - 	Entry: C:\Users\kundu\.p2\pool\plugins\org.eclipse.m2e.maven.runtime_3.9.700.20240602-2313\jars\org.eclipse.sisu.plexus-0.9.0.M2.jar
2025-01-28 23:41:06,129 [Worker-54: Launching mavenrun-d10fc72d-46ce-46bb-9e37-7881c29ea665] INFO  o.eclipse.m2e.core.internal.Bundles - 	Entry: C:\Users\kundu\.p2\pool\plugins\org.eclipse.m2e.maven.runtime_3.9.700.20240602-2313\jars\plexus-build-api-0.0.7.jar
2025-01-28 23:41:06,129 [Worker-54: Launching mavenrun-d10fc72d-46ce-46bb-9e37-7881c29ea665] INFO  o.eclipse.m2e.core.internal.Bundles - 	Entry: C:\Users\kundu\.p2\pool\plugins\org.eclipse.m2e.maven.runtime_3.9.700.20240602-2313\jars\plexus-build-api-1.2.0.jar
2025-01-28 23:41:06,129 [Worker-54: Launching mavenrun-d10fc72d-46ce-46bb-9e37-7881c29ea665] INFO  o.eclipse.m2e.core.internal.Bundles - 	Entry: C:\Users\kundu\.p2\pool\plugins\org.eclipse.m2e.maven.runtime_3.9.700.20240602-2313\jars\plexus-cipher-2.0.jar
2025-01-28 23:41:06,130 [Worker-54: Launching mavenrun-d10fc72d-46ce-46bb-9e37-7881c29ea665] INFO  o.eclipse.m2e.core.internal.Bundles - 	Entry: C:\Users\kundu\.p2\pool\plugins\org.eclipse.m2e.maven.runtime_3.9.700.20240602-2313\jars\plexus-classworlds-2.8.0.jar
2025-01-28 23:41:06,130 [Worker-54: Launching mavenrun-d10fc72d-46ce-46bb-9e37-7881c29ea665] INFO  o.eclipse.m2e.core.internal.Bundles - 	Entry: C:\Users\kundu\.p2\pool\plugins\org.eclipse.m2e.maven.runtime_3.9.700.20240602-2313\jars\plexus-component-annotations-2.1.0.jar
2025-01-28 23:41:06,130 [Worker-54: Launching mavenrun-d10fc72d-46ce-46bb-9e37-7881c29ea665] INFO  o.eclipse.m2e.core.internal.Bundles - 	Entry: C:\Users\kundu\.p2\pool\plugins\org.eclipse.m2e.maven.runtime_3.9.700.20240602-2313\jars\plexus-interpolation-1.27.jar
2025-01-28 23:41:06,131 [Worker-54: Launching mavenrun-d10fc72d-46ce-46bb-9e37-7881c29ea665] INFO  o.eclipse.m2e.core.internal.Bundles - 	Entry: C:\Users\kundu\.p2\pool\plugins\org.eclipse.m2e.maven.runtime_3.9.700.20240602-2313\jars\plexus-sec-dispatcher-2.0.jar
2025-01-28 23:41:06,131 [Worker-54: Launching mavenrun-d10fc72d-46ce-46bb-9e37-7881c29ea665] INFO  o.eclipse.m2e.core.internal.Bundles - 	Entry: C:\Users\kundu\.p2\pool\plugins\org.eclipse.m2e.maven.runtime_3.9.700.20240602-2313\jars\plexus-utils-3.5.1.jar
2025-01-28 23:41:06,131 [Worker-54: Launching mavenrun-d10fc72d-46ce-46bb-9e37-7881c29ea665] INFO  o.eclipse.m2e.core.internal.Bundles - 	Entry: C:\Users\kundu\.p2\pool\plugins\org.eclipse.m2e.maven.runtime_3.9.700.20240602-2313\jars\wagon-file-3.5.3.jar
2025-01-28 23:41:06,132 [Worker-54: Launching mavenrun-d10fc72d-46ce-46bb-9e37-7881c29ea665] INFO  o.eclipse.m2e.core.internal.Bundles - 	Entry: C:\Users\kundu\.p2\pool\plugins\org.eclipse.m2e.maven.runtime_3.9.700.20240602-2313\jars\wagon-http-3.5.3.jar
2025-01-28 23:41:06,132 [Worker-54: Launching mavenrun-d10fc72d-46ce-46bb-9e37-7881c29ea665] INFO  o.eclipse.m2e.core.internal.Bundles - 	Entry: C:\Users\kundu\.p2\pool\plugins\org.eclipse.m2e.maven.runtime_3.9.700.20240602-2313\jars\wagon-http-shared-3.5.3.jar
2025-01-28 23:41:06,132 [Worker-54: Launching mavenrun-d10fc72d-46ce-46bb-9e37-7881c29ea665] INFO  o.eclipse.m2e.core.internal.Bundles - 	Entry: C:\Users\kundu\.p2\pool\plugins\org.eclipse.m2e.maven.runtime_3.9.700.20240602-2313\jars\wagon-provider-api-3.5.3.jar
2025-01-28 23:41:06,136 [Worker-54: Launching mavenrun-d10fc72d-46ce-46bb-9e37-7881c29ea665] INFO  o.eclipse.m2e.core.internal.Bundles - getClasspathEntries(Bundle=com.google.guava_33.2.0.jre [16])
2025-01-28 23:41:06,138 [Worker-54: Launching mavenrun-d10fc72d-46ce-46bb-9e37-7881c29ea665] INFO  o.eclipse.m2e.core.internal.Bundles - 	Entry: C:\Users\kundu\.p2\pool\plugins\com.google.guava_33.2.0.jre.jar
2025-01-28 23:41:06,139 [Worker-54: Launching mavenrun-d10fc72d-46ce-46bb-9e37-7881c29ea665] INFO  o.eclipse.m2e.core.internal.Bundles - getClasspathEntries(Bundle=slf4j.api_2.0.13 [1009])
2025-01-28 23:41:06,141 [Worker-54: Launching mavenrun-d10fc72d-46ce-46bb-9e37-7881c29ea665] INFO  o.eclipse.m2e.core.internal.Bundles - 	Entry: C:\Users\kundu\.p2\pool\plugins\slf4j.api_2.0.13.jar
2025-01-28 23:41:06,142 [Worker-54: Launching mavenrun-d10fc72d-46ce-46bb-9e37-7881c29ea665] INFO  o.eclipse.m2e.core.internal.Bundles - getClasspathEntries(Bundle=jakarta.inject.jakarta.inject-api_1.0.5 [33])
2025-01-28 23:41:06,143 [Worker-54: Launching mavenrun-d10fc72d-46ce-46bb-9e37-7881c29ea665] INFO  o.eclipse.m2e.core.internal.Bundles - 	Entry: C:\Users\kundu\.p2\pool\plugins\jakarta.inject.jakarta.inject-api_1.0.5.jar
2025-01-28 23:41:06,143 [Worker-54: Launching mavenrun-d10fc72d-46ce-46bb-9e37-7881c29ea665] INFO  o.eclipse.m2e.core.internal.Bundles - getClasspathEntries(Bundle=javax.annotation_1.3.5.v20200909-1856 [44])
2025-01-28 23:41:06,145 [Worker-54: Launching mavenrun-d10fc72d-46ce-46bb-9e37-7881c29ea665] INFO  o.eclipse.m2e.core.internal.Bundles - 	Entry: C:\Users\kundu\.p2\pool\plugins\javax.annotation_1.3.5.v20200909-1856.jar
2025-01-28 23:41:06,145 [Worker-54: Launching mavenrun-d10fc72d-46ce-46bb-9e37-7881c29ea665] INFO  o.eclipse.m2e.core.internal.Bundles - getClasspathEntries(Bundle=org.apache.commons.cli_1.8.0 [78])
2025-01-28 23:41:06,146 [Worker-54: Launching mavenrun-d10fc72d-46ce-46bb-9e37-7881c29ea665] INFO  o.eclipse.m2e.core.internal.Bundles - 	Entry: C:\Users\kundu\.p2\pool\plugins\org.apache.commons.cli_1.8.0.jar
2025-01-28 23:41:06,146 [Worker-54: Launching mavenrun-d10fc72d-46ce-46bb-9e37-7881c29ea665] INFO  o.eclipse.m2e.core.internal.Bundles - getClasspathEntries(Bundle=org.apache.commons.commons-codec_1.16.0 [81])
2025-01-28 23:41:06,148 [Worker-54: Launching mavenrun-d10fc72d-46ce-46bb-9e37-7881c29ea665] INFO  o.eclipse.m2e.core.internal.Bundles - 	Entry: C:\Users\kundu\.p2\pool\plugins\org.apache.commons.commons-codec_1.16.0.jar
2025-01-28 23:41:06,148 [Worker-54: Launching mavenrun-d10fc72d-46ce-46bb-9e37-7881c29ea665] INFO  o.eclipse.m2e.core.internal.Bundles - getClasspathEntries(Bundle=org.apache.commons.lang3_3.14.0 [89])
2025-01-28 23:41:06,149 [Worker-54: Launching mavenrun-d10fc72d-46ce-46bb-9e37-7881c29ea665] INFO  o.eclipse.m2e.core.internal.Bundles - 	Entry: C:\Users\kundu\.p2\pool\plugins\org.apache.commons.lang3_3.14.0.jar
2025-01-28 23:41:06,149 [Worker-54: Launching mavenrun-d10fc72d-46ce-46bb-9e37-7881c29ea665] INFO  o.eclipse.m2e.core.internal.Bundles - getClasspathEntries(Bundle=com.google.guava.failureaccess_1.0.2 [17])
2025-01-28 23:41:06,150 [Worker-54: Launching mavenrun-d10fc72d-46ce-46bb-9e37-7881c29ea665] INFO  o.eclipse.m2e.core.internal.Bundles - 	Entry: C:\Users\kundu\.p2\pool\plugins\com.google.guava.failureaccess_1.0.2.jar
2025-01-28 23:41:06,160 [Worker-54: Launching mavenrun-d10fc72d-46ce-46bb-9e37-7881c29ea665] INFO  o.e.m.i.launch.MavenLaunchDelegate - Run build in "C:\Users\kundu\AppData\Local\Temp\m2e-archetypeGenerator7246113616842052000":
2025-01-28 23:41:06,178 [Worker-54: Launching mavenrun-d10fc72d-46ce-46bb-9e37-7881c29ea665] INFO  o.e.m.i.launch.MavenLaunchDelegate -  mvn  -DarchetypeGroupId=org.apache.maven.archetypes -DarchetypeArtifactId=maven-archetype-quickstart -DarchetypeVersion=1.1 -DgroupId=in.vineetkundu -DartifactId=AOP-DTD1 -Dversion=1.0 -Dpackage=in.vk.main -DoutputDirectory="C:\Users\kundu\Dropbox\PC\Desktop\Spring SpringBoot" -Dstyle.color=always -U archetype:generate
2025-01-28 23:41:39,643 [Worker-66: Creating maven-archetype-quickstart] INFO  o.e.m.c.i.p.ProjectConfigurationManager - Collecting project info '/pom.xml' C:\Users\kundu\Dropbox\PC\Desktop\Spring SpringBoot\AOP-DTD1\pom.xml
2025-01-28 23:41:41,098 [Worker-66: Creating maven-archetype-quickstart] INFO  o.e.m.c.i.l.LifecycleMappingFactory - Using org.eclipse.m2e.jdt.JarLifecycleMapping lifecycle mapping for MavenProject: in.vineetkundu:AOP-DTD1:1.0 @ C:\Users\kundu\Dropbox\PC\Desktop\Spring SpringBoot\AOP-DTD1\pom.xml.
2025-01-28 23:41:42,653 [Worker-66: Creating maven-archetype-quickstart] INFO  o.e.m.j.i.AbstractJavaProjectConfigurator - Adding source folder /AOP-DTD1/src/main/java
2025-01-28 23:41:42,657 [Worker-66: Creating maven-archetype-quickstart] INFO  o.e.m.j.i.AbstractJavaProjectConfigurator - Adding resource folder /AOP-DTD1/src/main/resources
2025-01-28 23:41:42,664 [Worker-66: Creating maven-archetype-quickstart] INFO  o.e.m.j.i.AbstractJavaProjectConfigurator - Adding source folder /AOP-DTD1/src/test/java
2025-01-28 23:41:42,666 [Worker-66: Creating maven-archetype-quickstart] INFO  o.e.m.j.i.AbstractJavaProjectConfigurator - Adding resource folder /AOP-DTD1/src/test/resources
2025-01-28 23:41:42,849 [Worker-66: Creating maven-archetype-quickstart] INFO  o.e.m.c.i.p.ProjectConfigurationManager - Imported and configured 1 project(s) in 3 sec
2025-01-28 23:41:43,565 [Worker-68: Building] INFO  o.a.m.s.f.DefaultMavenResourcesFiltering - skip non existing resourceDirectory C:\Users\kundu\Dropbox\PC\Desktop\Spring SpringBoot\AOP-DTD1\src\main\resources
2025-01-28 23:41:43,575 [Worker-68: Building] INFO  o.a.m.s.f.DefaultMavenResourcesFiltering - skip non existing resourceDirectory C:\Users\kundu\Dropbox\PC\Desktop\Spring SpringBoot\AOP-DTD1\src\test\resources
2025-01-28 23:43:25,130 [Worker-68: Building] INFO  o.a.m.s.f.DefaultMavenResourcesFiltering - skip non existing resourceDirectory C:\Users\kundu\Dropbox\PC\Desktop\Spring SpringBoot\AOP-DTD1\src\main\resources
2025-01-28 23:43:25,138 [Worker-68: Building] INFO  o.a.m.s.f.DefaultMavenResourcesFiltering - skip non existing resourceDirectory C:\Users\kundu\Dropbox\PC\Desktop\Spring SpringBoot\AOP-DTD1\src\test\resources
2025-01-28 23:45:28,377 [Worker-70: Building] INFO  o.a.m.s.f.DefaultMavenResourcesFiltering - skip non existing resourceDirectory C:\Users\kundu\Dropbox\PC\Desktop\Spring SpringBoot\AOP-DTD1\src\main\resources
2025-01-28 23:45:28,383 [Worker-70: Building] INFO  o.a.m.s.f.DefaultMavenResourcesFiltering - skip non existing resourceDirectory C:\Users\kundu\Dropbox\PC\Desktop\Spring SpringBoot\AOP-DTD1\src\test\resources
2025-01-28 23:48:35,231 [Worker-56: Building] INFO  o.e.m.c.i.l.LifecycleMappingFactory - Using org.eclipse.m2e.jdt.JarLifecycleMapping lifecycle mapping for MavenProject: in.vineetkundu:AOP-DTD1:1.0 @ C:\Users\kundu\Dropbox\PC\Desktop\Spring SpringBoot\AOP-DTD1\pom.xml.
2025-01-28 23:48:35,657 [Worker-56: Building] INFO  o.a.m.s.f.DefaultMavenResourcesFiltering - skip non existing resourceDirectory C:\Users\kundu\Dropbox\PC\Desktop\Spring SpringBoot\AOP-DTD1\src\main\resources
2025-01-28 23:48:35,667 [Worker-56: Building] INFO  o.a.m.s.f.DefaultMavenResourcesFiltering - skip non existing resourceDirectory C:\Users\kundu\Dropbox\PC\Desktop\Spring SpringBoot\AOP-DTD1\src\test\resources
2025-01-28 23:48:36,805 [Worker-66: Building] INFO  o.a.m.s.f.DefaultMavenResourcesFiltering - skip non existing resourceDirectory C:\Users\kundu\Dropbox\PC\Desktop\Spring SpringBoot\AOP-DTD1\src\main\resources
2025-01-28 23:48:36,814 [Worker-66: Building] INFO  o.a.m.s.f.DefaultMavenResourcesFiltering - skip non existing resourceDirectory C:\Users\kundu\Dropbox\PC\Desktop\Spring SpringBoot\AOP-DTD1\src\test\resources
2025-01-28 23:50:25,951 [Worker-66: Building] INFO  o.a.m.s.f.DefaultMavenResourcesFiltering - skip non existing resourceDirectory C:\Users\kundu\Dropbox\PC\Desktop\Spring SpringBoot\AOP-DTD1\src\main\resources
2025-01-28 23:50:25,962 [Worker-66: Building] INFO  o.a.m.s.f.DefaultMavenResourcesFiltering - skip non existing resourceDirectory C:\Users\kundu\Dropbox\PC\Desktop\Spring SpringBoot\AOP-DTD1\src\test\resources
2025-01-28 23:50:55,994 [Worker-71: Building] INFO  o.a.m.s.f.DefaultMavenResourcesFiltering - skip non existing resourceDirectory C:\Users\kundu\Dropbox\PC\Desktop\Spring SpringBoot\AOP-DTD1\src\main\resources
2025-01-28 23:50:55,998 [Worker-71: Building] INFO  o.a.m.s.f.DefaultMavenResourcesFiltering - skip non existing resourceDirectory C:\Users\kundu\Dropbox\PC\Desktop\Spring SpringBoot\AOP-DTD1\src\test\resources
2025-01-28 23:52:20,570 [Worker-71: Building] INFO  o.a.m.s.f.DefaultMavenResourcesFiltering - skip non existing resourceDirectory C:\Users\kundu\Dropbox\PC\Desktop\Spring SpringBoot\AOP-DTD1\src\main\resources
2025-01-28 23:52:20,576 [Worker-71: Building] INFO  o.a.m.s.f.DefaultMavenResourcesFiltering - skip non existing resourceDirectory C:\Users\kundu\Dropbox\PC\Desktop\Spring SpringBoot\AOP-DTD1\src\test\resources
2025-01-29 00:01:27,488 [Worker-73: Building] INFO  o.a.m.s.f.DefaultMavenResourcesFiltering - skip non existing resourceDirectory C:\Users\kundu\Dropbox\PC\Desktop\Spring SpringBoot\AOP-DTD1\src\main\resources
2025-01-29 00:01:27,493 [Worker-73: Building] INFO  o.a.m.s.f.DefaultMavenResourcesFiltering - skip non existing resourceDirectory C:\Users\kundu\Dropbox\PC\Desktop\Spring SpringBoot\AOP-DTD1\src\test\resources
2025-01-30 19:18:38,004 [Worker-111: Building] INFO  o.a.m.s.f.DefaultMavenResourcesFiltering - skip non existing resourceDirectory C:\Users\kundu\Dropbox\PC\Desktop\Spring SpringBoot\AOP-DTD1\src\main\resources
2025-01-30 19:18:38,015 [Worker-111: Building] INFO  o.a.m.s.f.DefaultMavenResourcesFiltering - skip non existing resourceDirectory C:\Users\kundu\Dropbox\PC\Desktop\Spring SpringBoot\AOP-DTD1\src\test\resources
2025-01-30 19:20:51,685 [Worker-111: Building] INFO  o.a.m.s.f.DefaultMavenResourcesFiltering - skip non existing resourceDirectory C:\Users\kundu\Dropbox\PC\Desktop\Spring SpringBoot\AOP-DTD1\src\main\resources
2025-01-30 19:20:51,691 [Worker-111: Building] INFO  o.a.m.s.f.DefaultMavenResourcesFiltering - skip non existing resourceDirectory C:\Users\kundu\Dropbox\PC\Desktop\Spring SpringBoot\AOP-DTD1\src\test\resources
2025-01-30 19:21:31,852 [Worker-108: Building] INFO  o.a.m.s.f.DefaultMavenResourcesFiltering - skip non existing resourceDirectory C:\Users\kundu\Dropbox\PC\Desktop\Spring SpringBoot\AOP-DTD1\src\main\resources
2025-01-30 19:21:31,856 [Worker-108: Building] INFO  o.a.m.s.f.DefaultMavenResourcesFiltering - skip non existing resourceDirectory C:\Users\kundu\Dropbox\PC\Desktop\Spring SpringBoot\AOP-DTD1\src\test\resources
2025-01-30 19:22:28,791 [Worker-116: Building] INFO  o.a.m.s.f.DefaultMavenResourcesFiltering - skip non existing resourceDirectory C:\Users\kundu\Dropbox\PC\Desktop\Spring SpringBoot\AOP-DTD1\src\main\resources
2025-01-30 19:22:28,795 [Worker-116: Building] INFO  o.a.m.s.f.DefaultMavenResourcesFiltering - skip non existing resourceDirectory C:\Users\kundu\Dropbox\PC\Desktop\Spring SpringBoot\AOP-DTD1\src\test\resources
2025-01-30 19:23:11,925 [Worker-116: Building] INFO  o.a.m.s.f.DefaultMavenResourcesFiltering - skip non existing resourceDirectory C:\Users\kundu\Dropbox\PC\Desktop\Spring SpringBoot\AOP-DTD1\src\main\resources
2025-01-30 19:23:11,931 [Worker-116: Building] INFO  o.a.m.s.f.DefaultMavenResourcesFiltering - skip non existing resourceDirectory C:\Users\kundu\Dropbox\PC\Desktop\Spring SpringBoot\AOP-DTD1\src\test\resources
2025-01-30 19:25:58,559 [Worker-115: Building] INFO  o.e.m.c.i.l.LifecycleMappingFactory - Using org.eclipse.m2e.jdt.JarLifecycleMapping lifecycle mapping for MavenProject: in.vineetkundu:AOP-DTD1:1.0 @ C:\Users\kundu\Dropbox\PC\Desktop\Spring SpringBoot\AOP-DTD2\pom.xml.
2025-01-30 19:25:58,721 [Worker-115: Building] INFO  o.a.m.s.f.DefaultMavenResourcesFiltering - skip non existing resourceDirectory C:\Users\kundu\Dropbox\PC\Desktop\Spring SpringBoot\AOP-DTD2\src\main\resources
2025-01-30 19:25:58,727 [Worker-115: Building] INFO  o.a.m.s.f.DefaultMavenResourcesFiltering - skip non existing resourceDirectory C:\Users\kundu\Dropbox\PC\Desktop\Spring SpringBoot\AOP-DTD2\src\test\resources
2025-01-30 19:25:59,136 [Worker-114: Building] INFO  o.a.m.s.f.DefaultMavenResourcesFiltering - skip non existing resourceDirectory C:\Users\kundu\Dropbox\PC\Desktop\Spring SpringBoot\AOP-DTD2\src\main\resources
2025-01-30 19:25:59,141 [Worker-114: Building] INFO  o.a.m.s.f.DefaultMavenResourcesFiltering - skip non existing resourceDirectory C:\Users\kundu\Dropbox\PC\Desktop\Spring SpringBoot\AOP-DTD2\src\test\resources
2025-01-30 19:27:19,532 [Worker-118: Building] INFO  o.a.m.s.f.DefaultMavenResourcesFiltering - skip non existing resourceDirectory C:\Users\kundu\Dropbox\PC\Desktop\Spring SpringBoot\AOP-DTD2\src\main\resources
2025-01-30 19:27:19,536 [Worker-118: Building] INFO  o.a.m.s.f.DefaultMavenResourcesFiltering - skip non existing resourceDirectory C:\Users\kundu\Dropbox\PC\Desktop\Spring SpringBoot\AOP-DTD2\src\test\resources
2025-01-30 19:27:44,464 [Worker-117: Building] INFO  o.a.m.s.f.DefaultMavenResourcesFiltering - skip non existing resourceDirectory C:\Users\kundu\Dropbox\PC\Desktop\Spring SpringBoot\AOP-DTD2\src\main\resources
2025-01-30 19:27:44,469 [Worker-117: Building] INFO  o.a.m.s.f.DefaultMavenResourcesFiltering - skip non existing resourceDirectory C:\Users\kundu\Dropbox\PC\Desktop\Spring SpringBoot\AOP-DTD2\src\test\resources
2025-01-30 19:29:07,523 [Worker-108: Building] INFO  o.a.m.s.f.DefaultMavenResourcesFiltering - skip non existing resourceDirectory C:\Users\kundu\Dropbox\PC\Desktop\Spring SpringBoot\AOP-DTD2\src\main\resources
2025-01-30 19:29:07,527 [Worker-108: Building] INFO  o.a.m.s.f.DefaultMavenResourcesFiltering - skip non existing resourceDirectory C:\Users\kundu\Dropbox\PC\Desktop\Spring SpringBoot\AOP-DTD2\src\test\resources
2025-01-30 19:29:43,753 [Worker-108: Building] INFO  o.a.m.s.f.DefaultMavenResourcesFiltering - skip non existing resourceDirectory C:\Users\kundu\Dropbox\PC\Desktop\Spring SpringBoot\AOP-DTD2\src\main\resources
2025-01-30 19:29:43,757 [Worker-108: Building] INFO  o.a.m.s.f.DefaultMavenResourcesFiltering - skip non existing resourceDirectory C:\Users\kundu\Dropbox\PC\Desktop\Spring SpringBoot\AOP-DTD2\src\test\resources
2025-01-30 19:33:59,294 [Worker-120: Building] INFO  o.e.m.c.i.l.LifecycleMappingFactory - Using org.eclipse.m2e.jdt.JarLifecycleMapping lifecycle mapping for MavenProject: in.vineetkundu:AOP-DTD1:1.0 @ C:\Users\kundu\Dropbox\PC\Desktop\Spring SpringBoot\AOP-DTD3\pom.xml.
2025-01-30 19:33:59,415 [Worker-120: Building] INFO  o.a.m.s.f.DefaultMavenResourcesFiltering - skip non existing resourceDirectory C:\Users\kundu\Dropbox\PC\Desktop\Spring SpringBoot\AOP-DTD3\src\main\resources
2025-01-30 19:33:59,418 [Worker-120: Building] INFO  o.a.m.s.f.DefaultMavenResourcesFiltering - skip non existing resourceDirectory C:\Users\kundu\Dropbox\PC\Desktop\Spring SpringBoot\AOP-DTD3\src\test\resources
2025-01-30 19:34:00,679 [Worker-121: Building] INFO  o.a.m.s.f.DefaultMavenResourcesFiltering - skip non existing resourceDirectory C:\Users\kundu\Dropbox\PC\Desktop\Spring SpringBoot\AOP-DTD3\src\main\resources
2025-01-30 19:34:00,683 [Worker-121: Building] INFO  o.a.m.s.f.DefaultMavenResourcesFiltering - skip non existing resourceDirectory C:\Users\kundu\Dropbox\PC\Desktop\Spring SpringBoot\AOP-DTD3\src\test\resources
2025-01-30 19:40:07,209 [Worker-121: Building] INFO  o.a.m.s.f.DefaultMavenResourcesFiltering - skip non existing resourceDirectory C:\Users\kundu\Dropbox\PC\Desktop\Spring SpringBoot\AOP-DTD3\src\main\resources
2025-01-30 19:40:07,213 [Worker-121: Building] INFO  o.a.m.s.f.DefaultMavenResourcesFiltering - skip non existing resourceDirectory C:\Users\kundu\Dropbox\PC\Desktop\Spring SpringBoot\AOP-DTD3\src\test\resources
2025-01-30 19:44:59,860 [Worker-111: Building] INFO  o.a.m.s.f.DefaultMavenResourcesFiltering - skip non existing resourceDirectory C:\Users\kundu\Dropbox\PC\Desktop\Spring SpringBoot\AOP-DTD3\src\main\resources
2025-01-30 19:44:59,865 [Worker-111: Building] INFO  o.a.m.s.f.DefaultMavenResourcesFiltering - skip non existing resourceDirectory C:\Users\kundu\Dropbox\PC\Desktop\Spring SpringBoot\AOP-DTD3\src\test\resources
2025-01-30 19:45:58,490 [Worker-119: Building] INFO  o.a.m.s.f.DefaultMavenResourcesFiltering - skip non existing resourceDirectory C:\Users\kundu\Dropbox\PC\Desktop\Spring SpringBoot\AOP-DTD3\src\main\resources
2025-01-30 19:45:58,496 [Worker-119: Building] INFO  o.a.m.s.f.DefaultMavenResourcesFiltering - skip non existing resourceDirectory C:\Users\kundu\Dropbox\PC\Desktop\Spring SpringBoot\AOP-DTD3\src\test\resources
2025-01-30 19:46:05,075 [Worker-114: Building] INFO  o.a.m.s.f.DefaultMavenResourcesFiltering - skip non existing resourceDirectory C:\Users\kundu\Dropbox\PC\Desktop\Spring SpringBoot\AOP-DTD3\src\main\resources
2025-01-30 19:46:05,080 [Worker-114: Building] INFO  o.a.m.s.f.DefaultMavenResourcesFiltering - skip non existing resourceDirectory C:\Users\kundu\Dropbox\PC\Desktop\Spring SpringBoot\AOP-DTD3\src\test\resources
2025-01-30 19:46:58,462 [Worker-121: Building] INFO  o.a.m.s.f.DefaultMavenResourcesFiltering - skip non existing resourceDirectory C:\Users\kundu\Dropbox\PC\Desktop\Spring SpringBoot\AOP-DTD3\src\main\resources
2025-01-30 19:46:58,466 [Worker-121: Building] INFO  o.a.m.s.f.DefaultMavenResourcesFiltering - skip non existing resourceDirectory C:\Users\kundu\Dropbox\PC\Desktop\Spring SpringBoot\AOP-DTD3\src\test\resources
2025-02-01 13:46:56,271 [Worker-151: Launching mavenrun-35455251-d56e-458f-a484-a534b38285db] INFO  o.eclipse.m2e.core.internal.Bundles - getClasspathEntries(Bundle=org.eclipse.m2e.maven.runtime_3.9.700.20240602-2313 [644])
2025-02-01 13:46:56,279 [Worker-151: Launching mavenrun-35455251-d56e-458f-a484-a534b38285db] INFO  o.eclipse.m2e.core.internal.Bundles - 	Entry: C:\Users\kundu\.p2\pool\plugins\org.eclipse.m2e.maven.runtime_3.9.700.20240602-2313
2025-02-01 13:46:56,282 [Worker-151: Launching mavenrun-35455251-d56e-458f-a484-a534b38285db] INFO  o.eclipse.m2e.core.internal.Bundles - 	Entry: C:\Users\kundu\.p2\pool\plugins\org.eclipse.m2e.maven.runtime_3.9.700.20240602-2313\jars\aopalliance-1.0.jar
2025-02-01 13:46:56,282 [Worker-151: Launching mavenrun-35455251-d56e-458f-a484-a534b38285db] INFO  o.eclipse.m2e.core.internal.Bundles - 	Entry: C:\Users\kundu\.p2\pool\plugins\org.eclipse.m2e.maven.runtime_3.9.700.20240602-2313\jars\guice-5.1.0.jar
2025-02-01 13:46:56,282 [Worker-151: Launching mavenrun-35455251-d56e-458f-a484-a534b38285db] INFO  o.eclipse.m2e.core.internal.Bundles - 	Entry: C:\Users\kundu\.p2\pool\plugins\org.eclipse.m2e.maven.runtime_3.9.700.20240602-2313\jars\httpclient-4.5.14.jar
2025-02-01 13:46:56,282 [Worker-151: Launching mavenrun-35455251-d56e-458f-a484-a534b38285db] INFO  o.eclipse.m2e.core.internal.Bundles - 	Entry: C:\Users\kundu\.p2\pool\plugins\org.eclipse.m2e.maven.runtime_3.9.700.20240602-2313\jars\httpcore-4.4.16.jar
2025-02-01 13:46:56,283 [Worker-151: Launching mavenrun-35455251-d56e-458f-a484-a534b38285db] INFO  o.eclipse.m2e.core.internal.Bundles - 	Entry: C:\Users\kundu\.p2\pool\plugins\org.eclipse.m2e.maven.runtime_3.9.700.20240602-2313\jars\jansi-2.4.1.jar
2025-02-01 13:46:56,283 [Worker-151: Launching mavenrun-35455251-d56e-458f-a484-a534b38285db] INFO  o.eclipse.m2e.core.internal.Bundles - 	Entry: C:\Users\kundu\.p2\pool\plugins\org.eclipse.m2e.maven.runtime_3.9.700.20240602-2313\jars\jcl-over-slf4j-1.7.36.jar
2025-02-01 13:46:56,283 [Worker-151: Launching mavenrun-35455251-d56e-458f-a484-a534b38285db] INFO  o.eclipse.m2e.core.internal.Bundles - 	Entry: C:\Users\kundu\.p2\pool\plugins\org.eclipse.m2e.maven.runtime_3.9.700.20240602-2313\jars\maven-artifact-3.9.7.jar
2025-02-01 13:46:56,283 [Worker-151: Launching mavenrun-35455251-d56e-458f-a484-a534b38285db] INFO  o.eclipse.m2e.core.internal.Bundles - 	Entry: C:\Users\kundu\.p2\pool\plugins\org.eclipse.m2e.maven.runtime_3.9.700.20240602-2313\jars\maven-builder-support-3.9.7.jar
2025-02-01 13:46:56,283 [Worker-151: Launching mavenrun-35455251-d56e-458f-a484-a534b38285db] INFO  o.eclipse.m2e.core.internal.Bundles - 	Entry: C:\Users\kundu\.p2\pool\plugins\org.eclipse.m2e.maven.runtime_3.9.700.20240602-2313\jars\maven-compat-3.9.7.jar
2025-02-01 13:46:56,284 [Worker-151: Launching mavenrun-35455251-d56e-458f-a484-a534b38285db] INFO  o.eclipse.m2e.core.internal.Bundles - 	Entry: C:\Users\kundu\.p2\pool\plugins\org.eclipse.m2e.maven.runtime_3.9.700.20240602-2313\jars\maven-core-3.9.7.jar
2025-02-01 13:46:56,284 [Worker-151: Launching mavenrun-35455251-d56e-458f-a484-a534b38285db] INFO  o.eclipse.m2e.core.internal.Bundles - 	Entry: C:\Users\kundu\.p2\pool\plugins\org.eclipse.m2e.maven.runtime_3.9.700.20240602-2313\jars\maven-embedder-3.9.7.jar
2025-02-01 13:46:56,284 [Worker-151: Launching mavenrun-35455251-d56e-458f-a484-a534b38285db] INFO  o.eclipse.m2e.core.internal.Bundles - 	Entry: C:\Users\kundu\.p2\pool\plugins\org.eclipse.m2e.maven.runtime_3.9.700.20240602-2313\jars\maven-model-3.9.7.jar
2025-02-01 13:46:56,284 [Worker-151: Launching mavenrun-35455251-d56e-458f-a484-a534b38285db] INFO  o.eclipse.m2e.core.internal.Bundles - 	Entry: C:\Users\kundu\.p2\pool\plugins\org.eclipse.m2e.maven.runtime_3.9.700.20240602-2313\jars\maven-model-builder-3.9.7.jar
2025-02-01 13:46:56,284 [Worker-151: Launching mavenrun-35455251-d56e-458f-a484-a534b38285db] INFO  o.eclipse.m2e.core.internal.Bundles - 	Entry: C:\Users\kundu\.p2\pool\plugins\org.eclipse.m2e.maven.runtime_3.9.700.20240602-2313\jars\maven-plugin-api-3.9.7.jar
2025-02-01 13:46:56,284 [Worker-151: Launching mavenrun-35455251-d56e-458f-a484-a534b38285db] INFO  o.eclipse.m2e.core.internal.Bundles - 	Entry: C:\Users\kundu\.p2\pool\plugins\org.eclipse.m2e.maven.runtime_3.9.700.20240602-2313\jars\maven-repository-metadata-3.9.7.jar
2025-02-01 13:46:56,285 [Worker-151: Launching mavenrun-35455251-d56e-458f-a484-a534b38285db] INFO  o.eclipse.m2e.core.internal.Bundles - 	Entry: C:\Users\kundu\.p2\pool\plugins\org.eclipse.m2e.maven.runtime_3.9.700.20240602-2313\jars\maven-resolver-api-1.9.20.jar
2025-02-01 13:46:56,285 [Worker-151: Launching mavenrun-35455251-d56e-458f-a484-a534b38285db] INFO  o.eclipse.m2e.core.internal.Bundles - 	Entry: C:\Users\kundu\.p2\pool\plugins\org.eclipse.m2e.maven.runtime_3.9.700.20240602-2313\jars\maven-resolver-connector-basic-1.9.20.jar
2025-02-01 13:46:56,285 [Worker-151: Launching mavenrun-35455251-d56e-458f-a484-a534b38285db] INFO  o.eclipse.m2e.core.internal.Bundles - 	Entry: C:\Users\kundu\.p2\pool\plugins\org.eclipse.m2e.maven.runtime_3.9.700.20240602-2313\jars\maven-resolver-impl-1.9.20.jar
2025-02-01 13:46:56,285 [Worker-151: Launching mavenrun-35455251-d56e-458f-a484-a534b38285db] INFO  o.eclipse.m2e.core.internal.Bundles - 	Entry: C:\Users\kundu\.p2\pool\plugins\org.eclipse.m2e.maven.runtime_3.9.700.20240602-2313\jars\maven-resolver-named-locks-1.9.20.jar
2025-02-01 13:46:56,286 [Worker-151: Launching mavenrun-35455251-d56e-458f-a484-a534b38285db] INFO  o.eclipse.m2e.core.internal.Bundles - 	Entry: C:\Users\kundu\.p2\pool\plugins\org.eclipse.m2e.maven.runtime_3.9.700.20240602-2313\jars\maven-resolver-provider-3.9.7.jar
2025-02-01 13:46:56,286 [Worker-151: Launching mavenrun-35455251-d56e-458f-a484-a534b38285db] INFO  o.eclipse.m2e.core.internal.Bundles - 	Entry: C:\Users\kundu\.p2\pool\plugins\org.eclipse.m2e.maven.runtime_3.9.700.20240602-2313\jars\maven-resolver-spi-1.9.20.jar
2025-02-01 13:46:56,286 [Worker-151: Launching mavenrun-35455251-d56e-458f-a484-a534b38285db] INFO  o.eclipse.m2e.core.internal.Bundles - 	Entry: C:\Users\kundu\.p2\pool\plugins\org.eclipse.m2e.maven.runtime_3.9.700.20240602-2313\jars\maven-resolver-transport-file-1.9.20.jar
2025-02-01 13:46:56,286 [Worker-151: Launching mavenrun-35455251-d56e-458f-a484-a534b38285db] INFO  o.eclipse.m2e.core.internal.Bundles - 	Entry: C:\Users\kundu\.p2\pool\plugins\org.eclipse.m2e.maven.runtime_3.9.700.20240602-2313\jars\maven-resolver-transport-http-1.9.20.jar
2025-02-01 13:46:56,286 [Worker-151: Launching mavenrun-35455251-d56e-458f-a484-a534b38285db] INFO  o.eclipse.m2e.core.internal.Bundles - 	Entry: C:\Users\kundu\.p2\pool\plugins\org.eclipse.m2e.maven.runtime_3.9.700.20240602-2313\jars\maven-resolver-transport-wagon-1.9.20.jar
2025-02-01 13:46:56,287 [Worker-151: Launching mavenrun-35455251-d56e-458f-a484-a534b38285db] INFO  o.eclipse.m2e.core.internal.Bundles - 	Entry: C:\Users\kundu\.p2\pool\plugins\org.eclipse.m2e.maven.runtime_3.9.700.20240602-2313\jars\maven-resolver-util-1.9.20.jar
2025-02-01 13:46:56,287 [Worker-151: Launching mavenrun-35455251-d56e-458f-a484-a534b38285db] INFO  o.eclipse.m2e.core.internal.Bundles - 	Entry: C:\Users\kundu\.p2\pool\plugins\org.eclipse.m2e.maven.runtime_3.9.700.20240602-2313\jars\maven-settings-3.9.7.jar
2025-02-01 13:46:56,287 [Worker-151: Launching mavenrun-35455251-d56e-458f-a484-a534b38285db] INFO  o.eclipse.m2e.core.internal.Bundles - 	Entry: C:\Users\kundu\.p2\pool\plugins\org.eclipse.m2e.maven.runtime_3.9.700.20240602-2313\jars\maven-settings-builder-3.9.7.jar
2025-02-01 13:46:56,287 [Worker-151: Launching mavenrun-35455251-d56e-458f-a484-a534b38285db] INFO  o.eclipse.m2e.core.internal.Bundles - 	Entry: C:\Users\kundu\.p2\pool\plugins\org.eclipse.m2e.maven.runtime_3.9.700.20240602-2313\jars\maven-shared-utils-3.4.2.jar
2025-02-01 13:46:56,287 [Worker-151: Launching mavenrun-35455251-d56e-458f-a484-a534b38285db] INFO  o.eclipse.m2e.core.internal.Bundles - 	Entry: C:\Users\kundu\.p2\pool\plugins\org.eclipse.m2e.maven.runtime_3.9.700.20240602-2313\jars\org.eclipse.sisu.inject-0.9.0.M2.jar
2025-02-01 13:46:56,287 [Worker-151: Launching mavenrun-35455251-d56e-458f-a484-a534b38285db] INFO  o.eclipse.m2e.core.internal.Bundles - 	Entry: C:\Users\kundu\.p2\pool\plugins\org.eclipse.m2e.maven.runtime_3.9.700.20240602-2313\jars\org.eclipse.sisu.plexus-0.9.0.M2.jar
2025-02-01 13:46:56,288 [Worker-151: Launching mavenrun-35455251-d56e-458f-a484-a534b38285db] INFO  o.eclipse.m2e.core.internal.Bundles - 	Entry: C:\Users\kundu\.p2\pool\plugins\org.eclipse.m2e.maven.runtime_3.9.700.20240602-2313\jars\plexus-build-api-0.0.7.jar
2025-02-01 13:46:56,288 [Worker-151: Launching mavenrun-35455251-d56e-458f-a484-a534b38285db] INFO  o.eclipse.m2e.core.internal.Bundles - 	Entry: C:\Users\kundu\.p2\pool\plugins\org.eclipse.m2e.maven.runtime_3.9.700.20240602-2313\jars\plexus-build-api-1.2.0.jar
2025-02-01 13:46:56,288 [Worker-151: Launching mavenrun-35455251-d56e-458f-a484-a534b38285db] INFO  o.eclipse.m2e.core.internal.Bundles - 	Entry: C:\Users\kundu\.p2\pool\plugins\org.eclipse.m2e.maven.runtime_3.9.700.20240602-2313\jars\plexus-cipher-2.0.jar
2025-02-01 13:46:56,288 [Worker-151: Launching mavenrun-35455251-d56e-458f-a484-a534b38285db] INFO  o.eclipse.m2e.core.internal.Bundles - 	Entry: C:\Users\kundu\.p2\pool\plugins\org.eclipse.m2e.maven.runtime_3.9.700.20240602-2313\jars\plexus-classworlds-2.8.0.jar
2025-02-01 13:46:56,288 [Worker-151: Launching mavenrun-35455251-d56e-458f-a484-a534b38285db] INFO  o.eclipse.m2e.core.internal.Bundles - 	Entry: C:\Users\kundu\.p2\pool\plugins\org.eclipse.m2e.maven.runtime_3.9.700.20240602-2313\jars\plexus-component-annotations-2.1.0.jar
2025-02-01 13:46:56,289 [Worker-151: Launching mavenrun-35455251-d56e-458f-a484-a534b38285db] INFO  o.eclipse.m2e.core.internal.Bundles - 	Entry: C:\Users\kundu\.p2\pool\plugins\org.eclipse.m2e.maven.runtime_3.9.700.20240602-2313\jars\plexus-interpolation-1.27.jar
2025-02-01 13:46:56,289 [Worker-151: Launching mavenrun-35455251-d56e-458f-a484-a534b38285db] INFO  o.eclipse.m2e.core.internal.Bundles - 	Entry: C:\Users\kundu\.p2\pool\plugins\org.eclipse.m2e.maven.runtime_3.9.700.20240602-2313\jars\plexus-sec-dispatcher-2.0.jar
2025-02-01 13:46:56,289 [Worker-151: Launching mavenrun-35455251-d56e-458f-a484-a534b38285db] INFO  o.eclipse.m2e.core.internal.Bundles - 	Entry: C:\Users\kundu\.p2\pool\plugins\org.eclipse.m2e.maven.runtime_3.9.700.20240602-2313\jars\plexus-utils-3.5.1.jar
2025-02-01 13:46:56,290 [Worker-151: Launching mavenrun-35455251-d56e-458f-a484-a534b38285db] INFO  o.eclipse.m2e.core.internal.Bundles - 	Entry: C:\Users\kundu\.p2\pool\plugins\org.eclipse.m2e.maven.runtime_3.9.700.20240602-2313\jars\wagon-file-3.5.3.jar
2025-02-01 13:46:56,290 [Worker-151: Launching mavenrun-35455251-d56e-458f-a484-a534b38285db] INFO  o.eclipse.m2e.core.internal.Bundles - 	Entry: C:\Users\kundu\.p2\pool\plugins\org.eclipse.m2e.maven.runtime_3.9.700.20240602-2313\jars\wagon-http-3.5.3.jar
2025-02-01 13:46:56,290 [Worker-151: Launching mavenrun-35455251-d56e-458f-a484-a534b38285db] INFO  o.eclipse.m2e.core.internal.Bundles - 	Entry: C:\Users\kundu\.p2\pool\plugins\org.eclipse.m2e.maven.runtime_3.9.700.20240602-2313\jars\wagon-http-shared-3.5.3.jar
2025-02-01 13:46:56,290 [Worker-151: Launching mavenrun-35455251-d56e-458f-a484-a534b38285db] INFO  o.eclipse.m2e.core.internal.Bundles - 	Entry: C:\Users\kundu\.p2\pool\plugins\org.eclipse.m2e.maven.runtime_3.9.700.20240602-2313\jars\wagon-provider-api-3.5.3.jar
2025-02-01 13:46:56,292 [Worker-151: Launching mavenrun-35455251-d56e-458f-a484-a534b38285db] INFO  o.eclipse.m2e.core.internal.Bundles - getClasspathEntries(Bundle=com.google.guava_33.2.0.jre [16])
2025-02-01 13:46:56,293 [Worker-151: Launching mavenrun-35455251-d56e-458f-a484-a534b38285db] INFO  o.eclipse.m2e.core.internal.Bundles - 	Entry: C:\Users\kundu\.p2\pool\plugins\com.google.guava_33.2.0.jre.jar
2025-02-01 13:46:56,293 [Worker-151: Launching mavenrun-35455251-d56e-458f-a484-a534b38285db] INFO  o.eclipse.m2e.core.internal.Bundles - getClasspathEntries(Bundle=slf4j.api_2.0.13 [1009])
2025-02-01 13:46:56,295 [Worker-151: Launching mavenrun-35455251-d56e-458f-a484-a534b38285db] INFO  o.eclipse.m2e.core.internal.Bundles - 	Entry: C:\Users\kundu\.p2\pool\plugins\slf4j.api_2.0.13.jar
2025-02-01 13:46:56,295 [Worker-151: Launching mavenrun-35455251-d56e-458f-a484-a534b38285db] INFO  o.eclipse.m2e.core.internal.Bundles - getClasspathEntries(Bundle=jakarta.inject.jakarta.inject-api_1.0.5 [33])
2025-02-01 13:46:56,295 [Worker-151: Launching mavenrun-35455251-d56e-458f-a484-a534b38285db] INFO  o.eclipse.m2e.core.internal.Bundles - 	Entry: C:\Users\kundu\.p2\pool\plugins\jakarta.inject.jakarta.inject-api_1.0.5.jar
2025-02-01 13:46:56,296 [Worker-151: Launching mavenrun-35455251-d56e-458f-a484-a534b38285db] INFO  o.eclipse.m2e.core.internal.Bundles - getClasspathEntries(Bundle=javax.annotation_1.3.5.v20200909-1856 [44])
2025-02-01 13:46:56,297 [Worker-151: Launching mavenrun-35455251-d56e-458f-a484-a534b38285db] INFO  o.eclipse.m2e.core.internal.Bundles - 	Entry: C:\Users\kundu\.p2\pool\plugins\javax.annotation_1.3.5.v20200909-1856.jar
2025-02-01 13:46:56,297 [Worker-151: Launching mavenrun-35455251-d56e-458f-a484-a534b38285db] INFO  o.eclipse.m2e.core.internal.Bundles - getClasspathEntries(Bundle=org.apache.commons.cli_1.8.0 [78])
2025-02-01 13:46:56,297 [Worker-151: Launching mavenrun-35455251-d56e-458f-a484-a534b38285db] INFO  o.eclipse.m2e.core.internal.Bundles - 	Entry: C:\Users\kundu\.p2\pool\plugins\org.apache.commons.cli_1.8.0.jar
2025-02-01 13:46:56,298 [Worker-151: Launching mavenrun-35455251-d56e-458f-a484-a534b38285db] INFO  o.eclipse.m2e.core.internal.Bundles - getClasspathEntries(Bundle=org.apache.commons.commons-codec_1.16.0 [81])
2025-02-01 13:46:56,299 [Worker-151: Launching mavenrun-35455251-d56e-458f-a484-a534b38285db] INFO  o.eclipse.m2e.core.internal.Bundles - 	Entry: C:\Users\kundu\.p2\pool\plugins\org.apache.commons.commons-codec_1.16.0.jar
2025-02-01 13:46:56,299 [Worker-151: Launching mavenrun-35455251-d56e-458f-a484-a534b38285db] INFO  o.eclipse.m2e.core.internal.Bundles - getClasspathEntries(Bundle=org.apache.commons.lang3_3.14.0 [89])
2025-02-01 13:46:56,299 [Worker-151: Launching mavenrun-35455251-d56e-458f-a484-a534b38285db] INFO  o.eclipse.m2e.core.internal.Bundles - 	Entry: C:\Users\kundu\.p2\pool\plugins\org.apache.commons.lang3_3.14.0.jar
2025-02-01 13:46:56,301 [Worker-151: Launching mavenrun-35455251-d56e-458f-a484-a534b38285db] INFO  o.eclipse.m2e.core.internal.Bundles - getClasspathEntries(Bundle=com.google.guava.failureaccess_1.0.2 [17])
2025-02-01 13:46:56,301 [Worker-151: Launching mavenrun-35455251-d56e-458f-a484-a534b38285db] INFO  o.eclipse.m2e.core.internal.Bundles - 	Entry: C:\Users\kundu\.p2\pool\plugins\com.google.guava.failureaccess_1.0.2.jar
2025-02-01 13:46:56,307 [Worker-151: Launching mavenrun-35455251-d56e-458f-a484-a534b38285db] INFO  o.e.m.i.launch.MavenLaunchDelegate - Run build in "C:\Users\kundu\AppData\Local\Temp\m2e-archetypeGenerator4101820005571839669":
2025-02-01 13:46:56,308 [Worker-151: Launching mavenrun-35455251-d56e-458f-a484-a534b38285db] INFO  o.e.m.i.launch.MavenLaunchDelegate -  mvn  -DarchetypeGroupId=org.apache.maven.archetypes -DarchetypeArtifactId=maven-archetype-quickstart -DarchetypeVersion=1.1 -DgroupId=in.vineetkundu -DartifactId=AOP-XSD1 -Dversion=1.0 -Dpackage=in.vk.main -DoutputDirectory="C:\Users\kundu\Dropbox\PC\Desktop\Spring SpringBoot" -Dstyle.color=always -U archetype:generate
2025-02-01 13:47:13,383 [Worker-149: Creating maven-archetype-quickstart] INFO  o.e.m.c.i.p.ProjectConfigurationManager - Collecting project info '/pom.xml' C:\Users\kundu\Dropbox\PC\Desktop\Spring SpringBoot\AOP-XSD1\pom.xml
2025-02-01 13:47:13,512 [Worker-149: Creating maven-archetype-quickstart] INFO  o.e.m.c.i.l.LifecycleMappingFactory - Using org.eclipse.m2e.jdt.JarLifecycleMapping lifecycle mapping for MavenProject: in.vineetkundu:AOP-XSD1:1.0 @ C:\Users\kundu\Dropbox\PC\Desktop\Spring SpringBoot\AOP-XSD1\pom.xml.
2025-02-01 13:47:14,071 [Worker-149: Creating maven-archetype-quickstart] INFO  o.e.m.j.i.AbstractJavaProjectConfigurator - Adding source folder /AOP-XSD1/src/main/java
2025-02-01 13:47:14,072 [Worker-149: Creating maven-archetype-quickstart] INFO  o.e.m.j.i.AbstractJavaProjectConfigurator - Adding resource folder /AOP-XSD1/src/main/resources
2025-02-01 13:47:14,077 [Worker-149: Creating maven-archetype-quickstart] INFO  o.e.m.j.i.AbstractJavaProjectConfigurator - Adding source folder /AOP-XSD1/src/test/java
2025-02-01 13:47:14,078 [Worker-149: Creating maven-archetype-quickstart] INFO  o.e.m.j.i.AbstractJavaProjectConfigurator - Adding resource folder /AOP-XSD1/src/test/resources
2025-02-01 13:47:14,132 [Worker-149: Creating maven-archetype-quickstart] INFO  o.e.m.c.i.p.ProjectConfigurationManager - Imported and configured 1 project(s) in 0 sec
2025-02-01 13:47:14,505 [Worker-151: Building] INFO  o.a.m.s.f.DefaultMavenResourcesFiltering - skip non existing resourceDirectory C:\Users\kundu\Dropbox\PC\Desktop\Spring SpringBoot\AOP-XSD1\src\main\resources
2025-02-01 13:47:14,509 [Worker-151: Building] INFO  o.a.m.s.f.DefaultMavenResourcesFiltering - skip non existing resourceDirectory C:\Users\kundu\Dropbox\PC\Desktop\Spring SpringBoot\AOP-XSD1\src\test\resources
2025-02-01 13:48:00,658 [Worker-151: Building] INFO  o.a.m.s.f.DefaultMavenResourcesFiltering - skip non existing resourceDirectory C:\Users\kundu\Dropbox\PC\Desktop\Spring SpringBoot\AOP-XSD1\src\main\resources
2025-02-01 13:48:00,662 [Worker-151: Building] INFO  o.a.m.s.f.DefaultMavenResourcesFiltering - skip non existing resourceDirectory C:\Users\kundu\Dropbox\PC\Desktop\Spring SpringBoot\AOP-XSD1\src\test\resources
2025-02-01 13:49:14,756 [Worker-150: Building] INFO  o.a.m.s.f.DefaultMavenResourcesFiltering - skip non existing resourceDirectory C:\Users\kundu\Dropbox\PC\Desktop\Spring SpringBoot\AOP-XSD1\src\main\resources
2025-02-01 13:49:14,760 [Worker-150: Building] INFO  o.a.m.s.f.DefaultMavenResourcesFiltering - skip non existing resourceDirectory C:\Users\kundu\Dropbox\PC\Desktop\Spring SpringBoot\AOP-XSD1\src\test\resources
2025-02-01 13:50:06,041 [Worker-150: Building] INFO  o.a.m.s.f.DefaultMavenResourcesFiltering - skip non existing resourceDirectory C:\Users\kundu\Dropbox\PC\Desktop\Spring SpringBoot\AOP-XSD1\src\main\resources
2025-02-01 13:50:06,043 [Worker-150: Building] INFO  o.a.m.s.f.DefaultMavenResourcesFiltering - skip non existing resourceDirectory C:\Users\kundu\Dropbox\PC\Desktop\Spring SpringBoot\AOP-XSD1\src\test\resources
2025-02-01 13:50:08,693 [Worker-150: Building] INFO  o.a.m.s.f.DefaultMavenResourcesFiltering - skip non existing resourceDirectory C:\Users\kundu\Dropbox\PC\Desktop\Spring SpringBoot\AOP-XSD1\src\main\resources
2025-02-01 13:50:08,695 [Worker-150: Building] INFO  o.a.m.s.f.DefaultMavenResourcesFiltering - skip non existing resourceDirectory C:\Users\kundu\Dropbox\PC\Desktop\Spring SpringBoot\AOP-XSD1\src\test\resources
2025-02-01 13:50:27,323 [Worker-149: Building] INFO  o.a.m.s.f.DefaultMavenResourcesFiltering - skip non existing resourceDirectory C:\Users\kundu\Dropbox\PC\Desktop\Spring SpringBoot\AOP-XSD1\src\main\resources
2025-02-01 13:50:27,325 [Worker-149: Building] INFO  o.a.m.s.f.DefaultMavenResourcesFiltering - skip non existing resourceDirectory C:\Users\kundu\Dropbox\PC\Desktop\Spring SpringBoot\AOP-XSD1\src\test\resources
2025-02-01 13:59:38,191 [Worker-153: Building] INFO  o.e.m.c.i.l.LifecycleMappingFactory - Using org.eclipse.m2e.jdt.JarLifecycleMapping lifecycle mapping for MavenProject: in.vineetkundu:AOP-XSD1:1.0 @ C:\Users\kundu\Dropbox\PC\Desktop\Spring SpringBoot\AOP-XSD1\pom.xml.
2025-02-01 13:59:38,288 [Worker-153: Building] INFO  o.a.m.s.f.DefaultMavenResourcesFiltering - skip non existing resourceDirectory C:\Users\kundu\Dropbox\PC\Desktop\Spring SpringBoot\AOP-XSD1\src\main\resources
2025-02-01 13:59:38,289 [Worker-153: Building] INFO  o.a.m.s.f.DefaultMavenResourcesFiltering - skip non existing resourceDirectory C:\Users\kundu\Dropbox\PC\Desktop\Spring SpringBoot\AOP-XSD1\src\test\resources
2025-02-01 13:59:39,443 [Worker-149: Building] INFO  o.a.m.s.f.DefaultMavenResourcesFiltering - skip non existing resourceDirectory C:\Users\kundu\Dropbox\PC\Desktop\Spring SpringBoot\AOP-XSD1\src\main\resources
2025-02-01 13:59:39,446 [Worker-149: Building] INFO  o.a.m.s.f.DefaultMavenResourcesFiltering - skip non existing resourceDirectory C:\Users\kundu\Dropbox\PC\Desktop\Spring SpringBoot\AOP-XSD1\src\test\resources
2025-02-01 18:26:28,314 [Worker-157: Building] INFO  o.a.m.s.f.DefaultMavenResourcesFiltering - skip non existing resourceDirectory C:\Users\kundu\Dropbox\PC\Desktop\Spring SpringBoot\AOP-XSD1\src\main\resources
2025-02-01 18:26:28,324 [Worker-157: Building] INFO  o.a.m.s.f.DefaultMavenResourcesFiltering - skip non existing resourceDirectory C:\Users\kundu\Dropbox\PC\Desktop\Spring SpringBoot\AOP-XSD1\src\test\resources
2025-02-01 18:28:45,071 [Worker-148: Building] INFO  o.e.m.c.i.l.LifecycleMappingFactory - Using org.eclipse.m2e.jdt.JarLifecycleMapping lifecycle mapping for MavenProject: in.vineetkundu:AOP-XSD1:1.0 @ C:\Users\kundu\Dropbox\PC\Desktop\Spring SpringBoot\AOP-XSD1\pom.xml.
2025-02-01 18:28:45,356 [Worker-148: Building] INFO  o.e.m.c.i.e.AbstractTransferListenerAdapter - Downloading https://repo.maven.apache.org/maven2/org/aspectj/aspectjweaver/1.9.22.1/aspectjweaver-1.9.22.1.pom
2025-02-01 18:28:45,375 [Worker-148: Building] INFO  o.e.m.c.i.e.AbstractTransferListenerAdapter - Downloaded https://repo.maven.apache.org/maven2/org/aspectj/aspectjweaver/1.9.22.1/aspectjweaver-1.9.22.1.pom
2025-02-01 18:28:45,401 [Worker-148: Building] INFO  o.e.m.c.i.e.AbstractTransferListenerAdapter - Downloading https://repo.maven.apache.org/maven2/org/aspectj/aspectjweaver/1.9.22.1/aspectjweaver-1.9.22.1.jar
2025-02-01 18:28:45,660 [Worker-148: Building] INFO  o.e.m.c.i.e.AbstractTransferListenerAdapter - Downloaded https://repo.maven.apache.org/maven2/org/aspectj/aspectjweaver/1.9.22.1/aspectjweaver-1.9.22.1.jar
2025-02-01 18:28:45,741 [Worker-148: Building] INFO  o.a.m.s.f.DefaultMavenResourcesFiltering - skip non existing resourceDirectory C:\Users\kundu\Dropbox\PC\Desktop\Spring SpringBoot\AOP-XSD1\src\main\resources
2025-02-01 18:28:45,745 [Worker-148: Building] INFO  o.a.m.s.f.DefaultMavenResourcesFiltering - skip non existing resourceDirectory C:\Users\kundu\Dropbox\PC\Desktop\Spring SpringBoot\AOP-XSD1\src\test\resources
2025-02-01 18:28:46,865 [Worker-158: Download sources and javadoc] INFO  o.e.m.c.i.e.AbstractTransferListenerAdapter - Downloading https://repo.maven.apache.org/maven2/org/aspectj/aspectjweaver/1.9.22.1/aspectjweaver-1.9.22.1-sources.jar
2025-02-01 18:28:46,958 [Worker-156: Building] INFO  o.a.m.s.f.DefaultMavenResourcesFiltering - skip non existing resourceDirectory C:\Users\kundu\Dropbox\PC\Desktop\Spring SpringBoot\AOP-XSD1\src\main\resources
2025-02-01 18:28:46,960 [Worker-156: Building] INFO  o.a.m.s.f.DefaultMavenResourcesFiltering - skip non existing resourceDirectory C:\Users\kundu\Dropbox\PC\Desktop\Spring SpringBoot\AOP-XSD1\src\test\resources
2025-02-01 18:28:46,968 [Worker-158: Download sources and javadoc] INFO  o.e.m.c.i.e.AbstractTransferListenerAdapter - Downloaded https://repo.maven.apache.org/maven2/org/aspectj/aspectjweaver/1.9.22.1/aspectjweaver-1.9.22.1-sources.jar
2025-02-01 18:28:46,976 [Worker-158: Download sources and javadoc] INFO  o.e.m.j.internal.DownloadSourcesJob - Downloaded sources for org.aspectj:aspectjweaver:1.9.22.1
2025-02-01 18:28:54,362 [Worker-156: Building] INFO  o.a.m.s.f.DefaultMavenResourcesFiltering - skip non existing resourceDirectory C:\Users\kundu\Dropbox\PC\Desktop\Spring SpringBoot\AOP-XSD1\src\main\resources
2025-02-01 18:28:54,364 [Worker-156: Building] INFO  o.a.m.s.f.DefaultMavenResourcesFiltering - skip non existing resourceDirectory C:\Users\kundu\Dropbox\PC\Desktop\Spring SpringBoot\AOP-XSD1\src\test\resources
2025-02-01 18:37:53,641 [Worker-152: Building] INFO  o.e.m.c.i.l.LifecycleMappingFactory - Using org.eclipse.m2e.jdt.JarLifecycleMapping lifecycle mapping for MavenProject: in.vineetkundu:AOP-XSD1:1.0 @ C:\Users\kundu\Dropbox\PC\Desktop\Spring SpringBoot\AOP-Java1\pom.xml.
2025-02-01 18:37:53,727 [Worker-152: Building] INFO  o.a.m.s.f.DefaultMavenResourcesFiltering - skip non existing resourceDirectory C:\Users\kundu\Dropbox\PC\Desktop\Spring SpringBoot\AOP-Java1\src\main\resources
2025-02-01 18:37:53,729 [Worker-152: Building] INFO  o.a.m.s.f.DefaultMavenResourcesFiltering - skip non existing resourceDirectory C:\Users\kundu\Dropbox\PC\Desktop\Spring SpringBoot\AOP-Java1\src\test\resources
2025-02-01 18:37:54,889 [Worker-152: Building] INFO  o.a.m.s.f.DefaultMavenResourcesFiltering - skip non existing resourceDirectory C:\Users\kundu\Dropbox\PC\Desktop\Spring SpringBoot\AOP-Java1\src\main\resources
2025-02-01 18:37:54,891 [Worker-152: Building] INFO  o.a.m.s.f.DefaultMavenResourcesFiltering - skip non existing resourceDirectory C:\Users\kundu\Dropbox\PC\Desktop\Spring SpringBoot\AOP-Java1\src\test\resources
2025-02-01 18:38:51,241 [Worker-151: Building] INFO  o.a.m.s.f.DefaultMavenResourcesFiltering - skip non existing resourceDirectory C:\Users\kundu\Dropbox\PC\Desktop\Spring SpringBoot\AOP-Java1\src\main\resources
2025-02-01 18:38:51,243 [Worker-151: Building] INFO  o.a.m.s.f.DefaultMavenResourcesFiltering - skip non existing resourceDirectory C:\Users\kundu\Dropbox\PC\Desktop\Spring SpringBoot\AOP-Java1\src\test\resources
2025-02-01 18:39:07,615 [Worker-161: Building] INFO  o.a.m.s.f.DefaultMavenResourcesFiltering - skip non existing resourceDirectory C:\Users\kundu\Dropbox\PC\Desktop\Spring SpringBoot\AOP-Java1\src\main\resources
2025-02-01 18:39:07,617 [Worker-161: Building] INFO  o.a.m.s.f.DefaultMavenResourcesFiltering - skip non existing resourceDirectory C:\Users\kundu\Dropbox\PC\Desktop\Spring SpringBoot\AOP-Java1\src\test\resources
2025-02-01 18:41:22,335 [Worker-151: Building] INFO  o.a.m.s.f.DefaultMavenResourcesFiltering - skip non existing resourceDirectory C:\Users\kundu\Dropbox\PC\Desktop\Spring SpringBoot\AOP-Java1\src\main\resources
2025-02-01 18:41:22,338 [Worker-151: Building] INFO  o.a.m.s.f.DefaultMavenResourcesFiltering - skip non existing resourceDirectory C:\Users\kundu\Dropbox\PC\Desktop\Spring SpringBoot\AOP-Java1\src\test\resources
2025-02-01 18:43:30,520 [Worker-159: Building] INFO  o.a.m.s.f.DefaultMavenResourcesFiltering - skip non existing resourceDirectory C:\Users\kundu\Dropbox\PC\Desktop\Spring SpringBoot\AOP-Java1\src\main\resources
2025-02-01 18:43:30,523 [Worker-159: Building] INFO  o.a.m.s.f.DefaultMavenResourcesFiltering - skip non existing resourceDirectory C:\Users\kundu\Dropbox\PC\Desktop\Spring SpringBoot\AOP-Java1\src\test\resources
2025-02-01 18:45:31,299 [Worker-160: Building] INFO  o.e.m.c.i.l.LifecycleMappingFactory - Using org.eclipse.m2e.jdt.JarLifecycleMapping lifecycle mapping for MavenProject: in.vineetkundu:AOP-XSD1:1.0 @ C:\Users\kundu\Dropbox\PC\Desktop\Spring SpringBoot\AOP-Java1\pom.xml.
2025-02-01 18:45:31,353 [Worker-160: Building] INFO  o.e.m.c.i.e.AbstractTransferListenerAdapter - Downloading https://repo.maven.apache.org/maven2/org/aspectj/aspectjtools/1.9.22.1/aspectjtools-1.9.22.1.pom
2025-02-01 18:45:31,358 [Worker-160: Building] INFO  o.e.m.c.i.e.AbstractTransferListenerAdapter - Downloaded https://repo.maven.apache.org/maven2/org/aspectj/aspectjtools/1.9.22.1/aspectjtools-1.9.22.1.pom
2025-02-01 18:45:31,408 [Worker-160: Building] INFO  o.e.m.c.i.e.AbstractTransferListenerAdapter - Downloading https://repo.maven.apache.org/maven2/org/aspectj/aspectjtools/1.9.22.1/aspectjtools-1.9.22.1.jar
2025-02-01 18:45:31,766 [Worker-160: Building] INFO  o.e.m.c.i.e.AbstractTransferListenerAdapter - Downloaded https://repo.maven.apache.org/maven2/org/aspectj/aspectjtools/1.9.22.1/aspectjtools-1.9.22.1.jar
2025-02-01 18:45:31,831 [Worker-160: Building] INFO  o.a.m.s.f.DefaultMavenResourcesFiltering - skip non existing resourceDirectory C:\Users\kundu\Dropbox\PC\Desktop\Spring SpringBoot\AOP-Java1\src\main\resources
2025-02-01 18:45:31,833 [Worker-160: Building] INFO  o.a.m.s.f.DefaultMavenResourcesFiltering - skip non existing resourceDirectory C:\Users\kundu\Dropbox\PC\Desktop\Spring SpringBoot\AOP-Java1\src\test\resources
2025-02-01 18:45:32,071 [Worker-152: Building] INFO  o.a.m.s.f.DefaultMavenResourcesFiltering - skip non existing resourceDirectory C:\Users\kundu\Dropbox\PC\Desktop\Spring SpringBoot\AOP-Java1\src\main\resources
2025-02-01 18:45:32,073 [Worker-152: Building] INFO  o.a.m.s.f.DefaultMavenResourcesFiltering - skip non existing resourceDirectory C:\Users\kundu\Dropbox\PC\Desktop\Spring SpringBoot\AOP-Java1\src\test\resources
2025-02-01 18:45:33,931 [Worker-148: Download sources and javadoc] INFO  o.e.m.c.i.e.AbstractTransferListenerAdapter - Downloading https://repo.maven.apache.org/maven2/org/aspectj/aspectjtools/1.9.22.1/aspectjtools-1.9.22.1-sources.jar
2025-02-01 18:45:34,191 [Worker-148: Download sources and javadoc] INFO  o.e.m.c.i.e.AbstractTransferListenerAdapter - Downloaded https://repo.maven.apache.org/maven2/org/aspectj/aspectjtools/1.9.22.1/aspectjtools-1.9.22.1-sources.jar
2025-02-01 18:45:34,195 [Worker-148: Download sources and javadoc] INFO  o.e.m.j.internal.DownloadSourcesJob - Downloaded sources for org.aspectj:aspectjtools:1.9.22.1
2025-02-01 18:45:35,431 [Worker-152: Building] INFO  o.a.m.s.f.DefaultMavenResourcesFiltering - skip non existing resourceDirectory C:\Users\kundu\Dropbox\PC\Desktop\Spring SpringBoot\AOP-Java1\src\main\resources
2025-02-01 18:45:35,433 [Worker-152: Building] INFO  o.a.m.s.f.DefaultMavenResourcesFiltering - skip non existing resourceDirectory C:\Users\kundu\Dropbox\PC\Desktop\Spring SpringBoot\AOP-Java1\src\test\resources
2025-02-01 18:47:10,851 [Worker-161: Building] INFO  o.a.m.s.f.DefaultMavenResourcesFiltering - skip non existing resourceDirectory C:\Users\kundu\Dropbox\PC\Desktop\Spring SpringBoot\AOP-Java1\src\main\resources
2025-02-01 18:47:10,853 [Worker-161: Building] INFO  o.a.m.s.f.DefaultMavenResourcesFiltering - skip non existing resourceDirectory C:\Users\kundu\Dropbox\PC\Desktop\Spring SpringBoot\AOP-Java1\src\test\resources
2025-02-01 18:47:16,286 [Worker-159: Building] INFO  o.a.m.s.f.DefaultMavenResourcesFiltering - skip non existing resourceDirectory C:\Users\kundu\Dropbox\PC\Desktop\Spring SpringBoot\AOP-Java1\src\main\resources
2025-02-01 18:47:16,287 [Worker-159: Building] INFO  o.a.m.s.f.DefaultMavenResourcesFiltering - skip non existing resourceDirectory C:\Users\kundu\Dropbox\PC\Desktop\Spring SpringBoot\AOP-Java1\src\test\resources
2025-02-01 18:50:32,444 [Worker-161: Building] INFO  o.a.m.s.f.DefaultMavenResourcesFiltering - skip non existing resourceDirectory C:\Users\kundu\Dropbox\PC\Desktop\Spring SpringBoot\AOP-Java1\src\main\resources
2025-02-01 18:50:32,445 [Worker-161: Building] INFO  o.a.m.s.f.DefaultMavenResourcesFiltering - skip non existing resourceDirectory C:\Users\kundu\Dropbox\PC\Desktop\Spring SpringBoot\AOP-Java1\src\test\resources
2025-02-01 18:51:24,072 [Worker-160: Building] INFO  o.e.m.c.i.l.LifecycleMappingFactory - Using org.eclipse.m2e.jdt.JarLifecycleMapping lifecycle mapping for MavenProject: in.vineetkundu:AOP-XSD1:1.0 @ C:\Users\kundu\Dropbox\PC\Desktop\Spring SpringBoot\AOP-Java2\pom.xml.
2025-02-01 18:51:24,152 [Worker-160: Building] INFO  o.a.m.s.f.DefaultMavenResourcesFiltering - skip non existing resourceDirectory C:\Users\kundu\Dropbox\PC\Desktop\Spring SpringBoot\AOP-Java2\src\main\resources
2025-02-01 18:51:24,153 [Worker-160: Building] INFO  o.a.m.s.f.DefaultMavenResourcesFiltering - skip non existing resourceDirectory C:\Users\kundu\Dropbox\PC\Desktop\Spring SpringBoot\AOP-Java2\src\test\resources
2025-02-01 18:51:25,308 [Worker-152: Building] INFO  o.a.m.s.f.DefaultMavenResourcesFiltering - skip non existing resourceDirectory C:\Users\kundu\Dropbox\PC\Desktop\Spring SpringBoot\AOP-Java2\src\main\resources
2025-02-01 18:51:25,310 [Worker-152: Building] INFO  o.a.m.s.f.DefaultMavenResourcesFiltering - skip non existing resourceDirectory C:\Users\kundu\Dropbox\PC\Desktop\Spring SpringBoot\AOP-Java2\src\test\resources
2025-02-01 18:53:31,403 [Worker-161: Building] INFO  o.a.m.s.f.DefaultMavenResourcesFiltering - skip non existing resourceDirectory C:\Users\kundu\Dropbox\PC\Desktop\Spring SpringBoot\AOP-Java2\src\main\resources
2025-02-01 18:53:31,404 [Worker-161: Building] INFO  o.a.m.s.f.DefaultMavenResourcesFiltering - skip non existing resourceDirectory C:\Users\kundu\Dropbox\PC\Desktop\Spring SpringBoot\AOP-Java2\src\test\resources
2025-02-01 18:54:11,683 [Worker-161: Building] INFO  o.a.m.s.f.DefaultMavenResourcesFiltering - skip non existing resourceDirectory C:\Users\kundu\Dropbox\PC\Desktop\Spring SpringBoot\AOP-Java2\src\main\resources
2025-02-01 18:54:11,685 [Worker-161: Building] INFO  o.a.m.s.f.DefaultMavenResourcesFiltering - skip non existing resourceDirectory C:\Users\kundu\Dropbox\PC\Desktop\Spring SpringBoot\AOP-Java2\src\test\resources
2025-02-01 18:55:09,089 [Worker-160: Building] INFO  o.e.m.c.i.l.LifecycleMappingFactory - Using org.eclipse.m2e.jdt.JarLifecycleMapping lifecycle mapping for MavenProject: in.vineetkundu:AOP-XSD1:1.0 @ C:\Users\kundu\Dropbox\PC\Desktop\Spring SpringBoot\AOP-Java3\pom.xml.
2025-02-01 18:55:09,158 [Worker-160: Building] INFO  o.a.m.s.f.DefaultMavenResourcesFiltering - skip non existing resourceDirectory C:\Users\kundu\Dropbox\PC\Desktop\Spring SpringBoot\AOP-Java3\src\main\resources
2025-02-01 18:55:09,161 [Worker-160: Building] INFO  o.a.m.s.f.DefaultMavenResourcesFiltering - skip non existing resourceDirectory C:\Users\kundu\Dropbox\PC\Desktop\Spring SpringBoot\AOP-Java3\src\test\resources
2025-02-01 18:55:10,368 [Worker-151: Building] INFO  o.a.m.s.f.DefaultMavenResourcesFiltering - skip non existing resourceDirectory C:\Users\kundu\Dropbox\PC\Desktop\Spring SpringBoot\AOP-Java3\src\main\resources
2025-02-01 18:55:10,371 [Worker-151: Building] INFO  o.a.m.s.f.DefaultMavenResourcesFiltering - skip non existing resourceDirectory C:\Users\kundu\Dropbox\PC\Desktop\Spring SpringBoot\AOP-Java3\src\test\resources
2025-02-01 18:56:20,587 [Worker-148: Building] INFO  o.a.m.s.f.DefaultMavenResourcesFiltering - skip non existing resourceDirectory C:\Users\kundu\Dropbox\PC\Desktop\Spring SpringBoot\AOP-Java3\src\main\resources
2025-02-01 18:56:20,590 [Worker-148: Building] INFO  o.a.m.s.f.DefaultMavenResourcesFiltering - skip non existing resourceDirectory C:\Users\kundu\Dropbox\PC\Desktop\Spring SpringBoot\AOP-Java3\src\test\resources
2025-02-01 18:56:46,428 [Worker-152: Building] INFO  o.a.m.s.f.DefaultMavenResourcesFiltering - skip non existing resourceDirectory C:\Users\kundu\Dropbox\PC\Desktop\Spring SpringBoot\AOP-Java3\src\main\resources
2025-02-01 18:56:46,429 [Worker-152: Building] INFO  o.a.m.s.f.DefaultMavenResourcesFiltering - skip non existing resourceDirectory C:\Users\kundu\Dropbox\PC\Desktop\Spring SpringBoot\AOP-Java3\src\test\resources
2025-02-01 18:57:49,290 [Worker-152: Building] INFO  o.e.m.c.i.l.LifecycleMappingFactory - Using org.eclipse.m2e.jdt.JarLifecycleMapping lifecycle mapping for MavenProject: in.vineetkundu:AOP-XSD1:1.0 @ C:\Users\kundu\Dropbox\PC\Desktop\Spring SpringBoot\AOP-Java4\pom.xml.
2025-02-01 18:57:49,437 [Worker-152: Building] INFO  o.a.m.s.f.DefaultMavenResourcesFiltering - skip non existing resourceDirectory C:\Users\kundu\Dropbox\PC\Desktop\Spring SpringBoot\AOP-Java4\src\main\resources
2025-02-01 18:57:49,441 [Worker-152: Building] INFO  o.a.m.s.f.DefaultMavenResourcesFiltering - skip non existing resourceDirectory C:\Users\kundu\Dropbox\PC\Desktop\Spring SpringBoot\AOP-Java4\src\test\resources
2025-02-01 18:57:49,743 [Worker-148: Building] INFO  o.a.m.s.f.DefaultMavenResourcesFiltering - skip non existing resourceDirectory C:\Users\kundu\Dropbox\PC\Desktop\Spring SpringBoot\AOP-Java4\src\main\resources
2025-02-01 18:57:49,746 [Worker-148: Building] INFO  o.a.m.s.f.DefaultMavenResourcesFiltering - skip non existing resourceDirectory C:\Users\kundu\Dropbox\PC\Desktop\Spring SpringBoot\AOP-Java4\src\test\resources
2025-02-01 18:59:52,695 [Worker-161: Building] INFO  o.a.m.s.f.DefaultMavenResourcesFiltering - skip non existing resourceDirectory C:\Users\kundu\Dropbox\PC\Desktop\Spring SpringBoot\AOP-Java4\src\main\resources
2025-02-01 18:59:52,701 [Worker-161: Building] INFO  o.a.m.s.f.DefaultMavenResourcesFiltering - skip non existing resourceDirectory C:\Users\kundu\Dropbox\PC\Desktop\Spring SpringBoot\AOP-Java4\src\test\resources
2025-02-01 19:00:51,159 [Worker-152: Building] INFO  o.a.m.s.f.DefaultMavenResourcesFiltering - skip non existing resourceDirectory C:\Users\kundu\Dropbox\PC\Desktop\Spring SpringBoot\AOP-Java4\src\main\resources
2025-02-01 19:00:51,163 [Worker-152: Building] INFO  o.a.m.s.f.DefaultMavenResourcesFiltering - skip non existing resourceDirectory C:\Users\kundu\Dropbox\PC\Desktop\Spring SpringBoot\AOP-Java4\src\test\resources
2025-02-01 19:05:03,659 [Worker-164: Building] INFO  o.e.m.c.i.l.LifecycleMappingFactory - Using org.eclipse.m2e.jdt.JarLifecycleMapping lifecycle mapping for MavenProject: in.vineetkundu:AOP-XSD1:1.0 @ C:\Users\kundu\Dropbox\PC\Desktop\Spring SpringBoot\AOP-Java5\pom.xml.
2025-02-01 19:05:03,826 [Worker-164: Building] INFO  o.a.m.s.f.DefaultMavenResourcesFiltering - skip non existing resourceDirectory C:\Users\kundu\Dropbox\PC\Desktop\Spring SpringBoot\AOP-Java5\src\main\resources
2025-02-01 19:05:03,829 [Worker-164: Building] INFO  o.a.m.s.f.DefaultMavenResourcesFiltering - skip non existing resourceDirectory C:\Users\kundu\Dropbox\PC\Desktop\Spring SpringBoot\AOP-Java5\src\test\resources
2025-02-01 19:05:04,180 [Worker-166: Building] INFO  o.a.m.s.f.DefaultMavenResourcesFiltering - skip non existing resourceDirectory C:\Users\kundu\Dropbox\PC\Desktop\Spring SpringBoot\AOP-Java5\src\main\resources
2025-02-01 19:05:04,182 [Worker-166: Building] INFO  o.a.m.s.f.DefaultMavenResourcesFiltering - skip non existing resourceDirectory C:\Users\kundu\Dropbox\PC\Desktop\Spring SpringBoot\AOP-Java5\src\test\resources
2025-02-01 19:06:09,277 [Worker-159: Building] INFO  o.a.m.s.f.DefaultMavenResourcesFiltering - skip non existing resourceDirectory C:\Users\kundu\Dropbox\PC\Desktop\Spring SpringBoot\AOP-Java5\src\main\resources
2025-02-01 19:06:09,280 [Worker-159: Building] INFO  o.a.m.s.f.DefaultMavenResourcesFiltering - skip non existing resourceDirectory C:\Users\kundu\Dropbox\PC\Desktop\Spring SpringBoot\AOP-Java5\src\test\resources
2025-02-01 19:08:39,997 [Worker-165: Building] INFO  o.a.m.s.f.DefaultMavenResourcesFiltering - skip non existing resourceDirectory C:\Users\kundu\Dropbox\PC\Desktop\Spring SpringBoot\AOP-Java5\src\main\resources
2025-02-01 19:08:40,003 [Worker-165: Building] INFO  o.a.m.s.f.DefaultMavenResourcesFiltering - skip non existing resourceDirectory C:\Users\kundu\Dropbox\PC\Desktop\Spring SpringBoot\AOP-Java5\src\test\resources
2025-02-01 19:09:32,737 [Worker-166: Building] INFO  o.a.m.s.f.DefaultMavenResourcesFiltering - skip non existing resourceDirectory C:\Users\kundu\Dropbox\PC\Desktop\Spring SpringBoot\AOP-Java5\src\main\resources
2025-02-01 19:09:32,741 [Worker-166: Building] INFO  o.a.m.s.f.DefaultMavenResourcesFiltering - skip non existing resourceDirectory C:\Users\kundu\Dropbox\PC\Desktop\Spring SpringBoot\AOP-Java5\src\test\resources
2025-02-01 19:10:57,420 [Worker-148: Building] INFO  o.e.m.c.i.l.LifecycleMappingFactory - Using org.eclipse.m2e.jdt.JarLifecycleMapping lifecycle mapping for MavenProject: in.vineetkundu:AOP-XSD1:1.0 @ C:\Users\kundu\Dropbox\PC\Desktop\Spring SpringBoot\AOP-Java6\pom.xml.
2025-02-01 19:10:57,567 [Worker-148: Building] INFO  o.a.m.s.f.DefaultMavenResourcesFiltering - skip non existing resourceDirectory C:\Users\kundu\Dropbox\PC\Desktop\Spring SpringBoot\AOP-Java6\src\main\resources
2025-02-01 19:10:57,570 [Worker-148: Building] INFO  o.a.m.s.f.DefaultMavenResourcesFiltering - skip non existing resourceDirectory C:\Users\kundu\Dropbox\PC\Desktop\Spring SpringBoot\AOP-Java6\src\test\resources
2025-02-01 19:10:57,897 [Worker-166: Building] INFO  o.a.m.s.f.DefaultMavenResourcesFiltering - skip non existing resourceDirectory C:\Users\kundu\Dropbox\PC\Desktop\Spring SpringBoot\AOP-Java6\src\main\resources
2025-02-01 19:10:57,900 [Worker-166: Building] INFO  o.a.m.s.f.DefaultMavenResourcesFiltering - skip non existing resourceDirectory C:\Users\kundu\Dropbox\PC\Desktop\Spring SpringBoot\AOP-Java6\src\test\resources
2025-02-01 19:11:45,241 [Worker-164: Building] INFO  o.a.m.s.f.DefaultMavenResourcesFiltering - skip non existing resourceDirectory C:\Users\kundu\Dropbox\PC\Desktop\Spring SpringBoot\AOP-Java6\src\main\resources
2025-02-01 19:11:45,246 [Worker-164: Building] INFO  o.a.m.s.f.DefaultMavenResourcesFiltering - skip non existing resourceDirectory C:\Users\kundu\Dropbox\PC\Desktop\Spring SpringBoot\AOP-Java6\src\test\resources
2025-02-01 19:12:14,255 [Worker-160: Building] INFO  o.a.m.s.f.DefaultMavenResourcesFiltering - skip non existing resourceDirectory C:\Users\kundu\Dropbox\PC\Desktop\Spring SpringBoot\AOP-Java6\src\main\resources
2025-02-01 19:12:14,259 [Worker-160: Building] INFO  o.a.m.s.f.DefaultMavenResourcesFiltering - skip non existing resourceDirectory C:\Users\kundu\Dropbox\PC\Desktop\Spring SpringBoot\AOP-Java6\src\test\resources
2025-02-01 19:13:03,913 [Worker-164: Building] INFO  o.a.m.s.f.DefaultMavenResourcesFiltering - skip non existing resourceDirectory C:\Users\kundu\Dropbox\PC\Desktop\Spring SpringBoot\AOP-Java6\src\main\resources
2025-02-01 19:13:03,917 [Worker-164: Building] INFO  o.a.m.s.f.DefaultMavenResourcesFiltering - skip non existing resourceDirectory C:\Users\kundu\Dropbox\PC\Desktop\Spring SpringBoot\AOP-Java6\src\test\resources
2025-02-01 19:14:27,756 [Worker-160: Building] INFO  o.a.m.s.f.DefaultMavenResourcesFiltering - skip non existing resourceDirectory C:\Users\kundu\Dropbox\PC\Desktop\Spring SpringBoot\AOP-Java6\src\main\resources
2025-02-01 19:14:27,760 [Worker-160: Building] INFO  o.a.m.s.f.DefaultMavenResourcesFiltering - skip non existing resourceDirectory C:\Users\kundu\Dropbox\PC\Desktop\Spring SpringBoot\AOP-Java6\src\test\resources
2025-02-01 19:15:50,258 [Worker-159: Building] INFO  o.a.m.s.f.DefaultMavenResourcesFiltering - skip non existing resourceDirectory C:\Users\kundu\Dropbox\PC\Desktop\Spring SpringBoot\AOP-Java6\src\main\resources
2025-02-01 19:15:50,262 [Worker-159: Building] INFO  o.a.m.s.f.DefaultMavenResourcesFiltering - skip non existing resourceDirectory C:\Users\kundu\Dropbox\PC\Desktop\Spring SpringBoot\AOP-Java6\src\test\resources
2025-02-01 19:16:03,186 [Worker-164: Building] INFO  o.a.m.s.f.DefaultMavenResourcesFiltering - skip non existing resourceDirectory C:\Users\kundu\Dropbox\PC\Desktop\Spring SpringBoot\AOP-Java6\src\main\resources
2025-02-01 19:16:03,189 [Worker-164: Building] INFO  o.a.m.s.f.DefaultMavenResourcesFiltering - skip non existing resourceDirectory C:\Users\kundu\Dropbox\PC\Desktop\Spring SpringBoot\AOP-Java6\src\test\resources
2025-02-01 19:16:57,402 [Worker-162: Building] INFO  o.a.m.s.f.DefaultMavenResourcesFiltering - skip non existing resourceDirectory C:\Users\kundu\Dropbox\PC\Desktop\Spring SpringBoot\AOP-Java6\src\main\resources
2025-02-01 19:16:57,406 [Worker-162: Building] INFO  o.a.m.s.f.DefaultMavenResourcesFiltering - skip non existing resourceDirectory C:\Users\kundu\Dropbox\PC\Desktop\Spring SpringBoot\AOP-Java6\src\test\resources
2025-02-01 19:17:00,628 [Worker-162: Building] INFO  o.a.m.s.f.DefaultMavenResourcesFiltering - skip non existing resourceDirectory C:\Users\kundu\Dropbox\PC\Desktop\Spring SpringBoot\AOP-Java6\src\main\resources
2025-02-01 19:17:00,632 [Worker-162: Building] INFO  o.a.m.s.f.DefaultMavenResourcesFiltering - skip non existing resourceDirectory C:\Users\kundu\Dropbox\PC\Desktop\Spring SpringBoot\AOP-Java6\src\test\resources
2025-02-03 14:49:09,099 [Worker-3: Loading available Gradle versions] INFO  o.e.b.c.i.u.g.PublishedGradleVersions - Gradle version information cache is up-to-date. Trying to read.
2025-02-03 14:49:20,500 [Worker-8: Building] INFO  o.a.m.s.f.DefaultMavenResourcesFiltering - skip non existing resourceDirectory C:\Users\kundu\Dropbox\PC\Desktop\Spring SpringBoot\AOP-DTD1\src\main\resources
2025-02-03 14:49:20,510 [Worker-8: Building] INFO  o.a.m.s.f.DefaultMavenResourcesFiltering - skip non existing resourceDirectory C:\Users\kundu\Dropbox\PC\Desktop\Spring SpringBoot\AOP-DTD1\src\test\resources
2025-02-03 14:49:20,908 [Worker-8: Building] INFO  o.a.m.s.f.DefaultMavenResourcesFiltering - skip non existing resourceDirectory C:\Users\kundu\Dropbox\PC\Desktop\Spring SpringBoot\AOP-DTD2\src\main\resources
2025-02-03 14:49:20,913 [Worker-8: Building] INFO  o.a.m.s.f.DefaultMavenResourcesFiltering - skip non existing resourceDirectory C:\Users\kundu\Dropbox\PC\Desktop\Spring SpringBoot\AOP-DTD2\src\test\resources
2025-02-03 14:49:21,221 [Worker-8: Building] INFO  o.a.m.s.f.DefaultMavenResourcesFiltering - skip non existing resourceDirectory C:\Users\kundu\Dropbox\PC\Desktop\Spring SpringBoot\AOP-DTD3\src\main\resources
2025-02-03 14:49:21,228 [Worker-8: Building] INFO  o.a.m.s.f.DefaultMavenResourcesFiltering - skip non existing resourceDirectory C:\Users\kundu\Dropbox\PC\Desktop\Spring SpringBoot\AOP-DTD3\src\test\resources
2025-02-03 14:49:21,643 [Worker-8: Building] INFO  o.a.m.s.f.DefaultMavenResourcesFiltering - skip non existing resourceDirectory C:\Users\kundu\Dropbox\PC\Desktop\Spring SpringBoot\AOP-Java1\src\main\resources
2025-02-03 14:49:21,647 [Worker-8: Building] INFO  o.a.m.s.f.DefaultMavenResourcesFiltering - skip non existing resourceDirectory C:\Users\kundu\Dropbox\PC\Desktop\Spring SpringBoot\AOP-Java1\src\test\resources
2025-02-03 14:49:21,919 [Worker-8: Building] INFO  o.a.m.s.f.DefaultMavenResourcesFiltering - skip non existing resourceDirectory C:\Users\kundu\Dropbox\PC\Desktop\Spring SpringBoot\AOP-Java2\src\main\resources
2025-02-03 14:49:21,923 [Worker-8: Building] INFO  o.a.m.s.f.DefaultMavenResourcesFiltering - skip non existing resourceDirectory C:\Users\kundu\Dropbox\PC\Desktop\Spring SpringBoot\AOP-Java2\src\test\resources
2025-02-03 14:49:22,284 [Worker-8: Building] INFO  o.a.m.s.f.DefaultMavenResourcesFiltering - skip non existing resourceDirectory C:\Users\kundu\Dropbox\PC\Desktop\Spring SpringBoot\AOP-Java3\src\main\resources
2025-02-03 14:49:22,291 [Worker-8: Building] INFO  o.a.m.s.f.DefaultMavenResourcesFiltering - skip non existing resourceDirectory C:\Users\kundu\Dropbox\PC\Desktop\Spring SpringBoot\AOP-Java3\src\test\resources
2025-02-03 14:49:22,599 [Worker-8: Building] INFO  o.a.m.s.f.DefaultMavenResourcesFiltering - skip non existing resourceDirectory C:\Users\kundu\Dropbox\PC\Desktop\Spring SpringBoot\AOP-Java4\src\main\resources
2025-02-03 14:49:22,605 [Worker-8: Building] INFO  o.a.m.s.f.DefaultMavenResourcesFiltering - skip non existing resourceDirectory C:\Users\kundu\Dropbox\PC\Desktop\Spring SpringBoot\AOP-Java4\src\test\resources
2025-02-03 14:49:22,905 [Worker-8: Building] INFO  o.a.m.s.f.DefaultMavenResourcesFiltering - skip non existing resourceDirectory C:\Users\kundu\Dropbox\PC\Desktop\Spring SpringBoot\AOP-Java5\src\main\resources
2025-02-03 14:49:22,908 [Worker-8: Building] INFO  o.a.m.s.f.DefaultMavenResourcesFiltering - skip non existing resourceDirectory C:\Users\kundu\Dropbox\PC\Desktop\Spring SpringBoot\AOP-Java5\src\test\resources
2025-02-03 14:49:23,230 [Worker-8: Building] INFO  o.a.m.s.f.DefaultMavenResourcesFiltering - skip non existing resourceDirectory C:\Users\kundu\Dropbox\PC\Desktop\Spring SpringBoot\AOP-Java6\src\main\resources
2025-02-03 14:49:23,233 [Worker-8: Building] INFO  o.a.m.s.f.DefaultMavenResourcesFiltering - skip non existing resourceDirectory C:\Users\kundu\Dropbox\PC\Desktop\Spring SpringBoot\AOP-Java6\src\test\resources
2025-02-03 14:49:23,519 [Worker-8: Building] INFO  o.a.m.s.f.DefaultMavenResourcesFiltering - skip non existing resourceDirectory C:\Users\kundu\Dropbox\PC\Desktop\Spring SpringBoot\AOP-XSD1\src\main\resources
2025-02-03 14:49:23,523 [Worker-8: Building] INFO  o.a.m.s.f.DefaultMavenResourcesFiltering - skip non existing resourceDirectory C:\Users\kundu\Dropbox\PC\Desktop\Spring SpringBoot\AOP-XSD1\src\test\resources
2025-02-03 16:49:06,291 [Worker-40: Building] INFO  o.a.m.s.f.DefaultMavenResourcesFiltering - skip non existing resourceDirectory C:\Users\kundu\Dropbox\PC\Desktop\Spring SpringBoot\AOP-DTD1\src\main\resources
2025-02-03 16:49:06,300 [Worker-40: Building] INFO  o.a.m.s.f.DefaultMavenResourcesFiltering - skip non existing resourceDirectory C:\Users\kundu\Dropbox\PC\Desktop\Spring SpringBoot\AOP-DTD1\src\test\resources
2025-02-03 16:49:06,424 [Worker-40: Building] INFO  o.a.m.s.f.DefaultMavenResourcesFiltering - skip non existing resourceDirectory C:\Users\kundu\Dropbox\PC\Desktop\Spring SpringBoot\AOP-DTD2\src\main\resources
2025-02-03 16:49:06,429 [Worker-40: Building] INFO  o.a.m.s.f.DefaultMavenResourcesFiltering - skip non existing resourceDirectory C:\Users\kundu\Dropbox\PC\Desktop\Spring SpringBoot\AOP-DTD2\src\test\resources
2025-02-03 16:49:06,651 [Worker-34: Building] INFO  o.a.m.s.f.DefaultMavenResourcesFiltering - skip non existing resourceDirectory C:\Users\kundu\Dropbox\PC\Desktop\Spring SpringBoot\AOP-DTD3\src\main\resources
2025-02-03 16:49:06,656 [Worker-34: Building] INFO  o.a.m.s.f.DefaultMavenResourcesFiltering - skip non existing resourceDirectory C:\Users\kundu\Dropbox\PC\Desktop\Spring SpringBoot\AOP-DTD3\src\test\resources
2025-02-03 16:49:06,768 [Worker-34: Building] INFO  o.a.m.s.f.DefaultMavenResourcesFiltering - skip non existing resourceDirectory C:\Users\kundu\Dropbox\PC\Desktop\Spring SpringBoot\AOP-Java1\src\main\resources
2025-02-03 16:49:06,772 [Worker-34: Building] INFO  o.a.m.s.f.DefaultMavenResourcesFiltering - skip non existing resourceDirectory C:\Users\kundu\Dropbox\PC\Desktop\Spring SpringBoot\AOP-Java1\src\test\resources
2025-02-03 16:49:06,884 [Worker-34: Building] INFO  o.a.m.s.f.DefaultMavenResourcesFiltering - skip non existing resourceDirectory C:\Users\kundu\Dropbox\PC\Desktop\Spring SpringBoot\AOP-Java2\src\main\resources
2025-02-03 16:49:06,888 [Worker-34: Building] INFO  o.a.m.s.f.DefaultMavenResourcesFiltering - skip non existing resourceDirectory C:\Users\kundu\Dropbox\PC\Desktop\Spring SpringBoot\AOP-Java2\src\test\resources
2025-02-03 16:49:07,015 [Worker-34: Building] INFO  o.a.m.s.f.DefaultMavenResourcesFiltering - skip non existing resourceDirectory C:\Users\kundu\Dropbox\PC\Desktop\Spring SpringBoot\AOP-Java3\src\main\resources
2025-02-03 16:49:07,021 [Worker-34: Building] INFO  o.a.m.s.f.DefaultMavenResourcesFiltering - skip non existing resourceDirectory C:\Users\kundu\Dropbox\PC\Desktop\Spring SpringBoot\AOP-Java3\src\test\resources
2025-02-03 16:49:07,289 [Worker-34: Building] INFO  o.a.m.s.f.DefaultMavenResourcesFiltering - skip non existing resourceDirectory C:\Users\kundu\Dropbox\PC\Desktop\Spring SpringBoot\AOP-Java4\src\main\resources
2025-02-03 16:49:07,295 [Worker-34: Building] INFO  o.a.m.s.f.DefaultMavenResourcesFiltering - skip non existing resourceDirectory C:\Users\kundu\Dropbox\PC\Desktop\Spring SpringBoot\AOP-Java4\src\test\resources
2025-02-03 16:49:07,428 [Worker-34: Building] INFO  o.a.m.s.f.DefaultMavenResourcesFiltering - skip non existing resourceDirectory C:\Users\kundu\Dropbox\PC\Desktop\Spring SpringBoot\AOP-Java5\src\main\resources
2025-02-03 16:49:07,435 [Worker-34: Building] INFO  o.a.m.s.f.DefaultMavenResourcesFiltering - skip non existing resourceDirectory C:\Users\kundu\Dropbox\PC\Desktop\Spring SpringBoot\AOP-Java5\src\test\resources
2025-02-03 16:49:07,555 [Worker-34: Building] INFO  o.a.m.s.f.DefaultMavenResourcesFiltering - skip non existing resourceDirectory C:\Users\kundu\Dropbox\PC\Desktop\Spring SpringBoot\AOP-Java6\src\main\resources
2025-02-03 16:49:07,560 [Worker-34: Building] INFO  o.a.m.s.f.DefaultMavenResourcesFiltering - skip non existing resourceDirectory C:\Users\kundu\Dropbox\PC\Desktop\Spring SpringBoot\AOP-Java6\src\test\resources
2025-02-03 16:49:07,657 [Worker-34: Building] INFO  o.a.m.s.f.DefaultMavenResourcesFiltering - skip non existing resourceDirectory C:\Users\kundu\Dropbox\PC\Desktop\Spring SpringBoot\AOP-XSD1\src\main\resources
2025-02-03 16:49:07,661 [Worker-34: Building] INFO  o.a.m.s.f.DefaultMavenResourcesFiltering - skip non existing resourceDirectory C:\Users\kundu\Dropbox\PC\Desktop\Spring SpringBoot\AOP-XSD1\src\test\resources
